[35m[Appium][39m Welcome to Appium v1.22.0
[35m[Appium][39m Non-default server args:
[35m[Appium][39m   port: 57163
[35m[Appium][39m   loglevel: info
[35m[Appium][39m   tmpDir: /var/folders/rg/17jwk7ks20x11mxww1qzvr7r0000gn/T//Katalon/Appium/Temp1692479859624
[35m[Appium][39m   chromedriverPort: 57164
[35m[Appium][39m Deprecated server args:
[35m[Appium][39m   [31m--chromedriver-port[39m => --default-capabilities
[35m[Appium][39m Default capabilities, which will be added to each request unless overridden by desired capabilities:
[35m[Appium][39m   chromedriverPort: 57164
[35m[Appium][39m Appium REST http interface listener started on 0.0.0.0:57163
[35m[HTTP][39m [37m-->[39m [37mGET[39m [37m/wd/hub/status[39m
[35m[HTTP][39m [90m{}[39m
[35m[HTTP][39m [37m<-- GET /wd/hub/status [39m[32m200[39m [90m10 ms - 68[39m
[35m[HTTP][39m [90m[39m
[35m[HTTP][39m [37m-->[39m [37mGET[39m [37m/wd/hub/status[39m
[35m[HTTP][39m [90m{}[39m
[35m[HTTP][39m [37m<-- GET /wd/hub/status [39m[32m200[39m [90m1 ms - 68[39m
[35m[HTTP][39m [90m[39m
[35m[HTTP][39m [37m-->[39m [37mPOST[39m [37m/wd/hub/session[39m
[35m[HTTP][39m [90m{"desiredCapabilities":{"appActivity":".Settings","appPackage":"com.android.settings","newCommandTimeout":1800,"platformVersion":"13","automationName":"uiautomator2","autoGrantPermissions":true,"platformName":"Android","udid":"KRYTEU85DMMNKBVK","deviceName":"OnePlus CPH2469 (Android 13)","platform":"ANDROID","systemPort":8292},"capabilities":{"firstMatch":[{"appium:appActivity":".Settings","appium:appPackage":"com.android.settings","appium:autoGrantPermissions":true,"appium:automationName":"uiautomator2","appium:deviceName":"OnePlus CPH2469 (Android 13)","appium:newCommandTimeout":1800,"platform":"ANDROID","platformName":"android","appium:platformVersion":"13","appium:systemPort":8292,"appium:udid":"KRYTEU85DMMNKBVK"}]}}[39m
[35m[BaseDriver][39m The following capabilities are not standard capabilities and should have an extension prefix:
[35m[BaseDriver][39m   platform
[35m[BaseDriver][39m   chromedriverPort
[35m[Appium][39m Appium v1.22.0 creating new AndroidUiautomator2Driver (v1.69.0) session
[35m[BaseDriver][39m The following capabilities were provided, but are not recognized by Appium:
[35m[BaseDriver][39m   platform
[35m[BaseDriver][39m Session created with session id: 3b1cc332-f6f2-4cbf-8c0b-175357ea666c
[35m[UiAutomator2][39m Starting 'com.android.settings' directly on the device
[35m[ADB][39m Found 1 'build-tools' folders under '/Users/sarker/.katalon/tools/android_sdk' (newest first):
[35m[ADB][39m     /Users/sarker/.katalon/tools/android_sdk/build-tools/29.0.3
[35m[ADB][39m Using 'adb' from '/Users/sarker/.katalon/tools/android_sdk/platform-tools/adb'
[35m[AndroidDriver][39m Retrieving device list
[35m[AndroidDriver][39m Using device: KRYTEU85DMMNKBVK
[35m[ADB][39m Using 'adb' from '/Users/sarker/.katalon/tools/android_sdk/platform-tools/adb'
[35m[ADB][39m Getting device platform version
[35m[UiAutomator2][39m Relaxing hidden api policy
[35m[AndroidDriver][39m No app sent in, not parsing package/activity
[35m[UiAutomator2][39m Server package at '/usr/local/lib/node_modules/appium/node_modules/appium-uiautomator2-server/apks/appium-uiautomator2-server-v4.24.0.apk' is not writeable. Will copy it into the temporary location at '/var/folders/rg/17jwk7ks20x11mxww1qzvr7r0000gn/T/Katalon/Appium/Temp1692479859624/2023720-4250-bd4j2l.8j5ul' as a workaround. Consider making this file writeable manually in order to improve the performance of session startup.
[35m[UiAutomator2][39m Server package at '/usr/local/lib/node_modules/appium/node_modules/appium-uiautomator2-server/apks/appium-uiautomator2-server-debug-androidTest.apk' is not writeable. Will copy it into the temporary location at '/var/folders/rg/17jwk7ks20x11mxww1qzvr7r0000gn/T/Katalon/Appium/Temp1692479859624/2023720-4250-bd4j2l.8j5ul' as a workaround. Consider making this file writeable manually in order to improve the performance of session startup.
[35m[ADB][39m Using 'apksigner.jar' from '/Users/sarker/.katalon/tools/android_sdk/build-tools/29.0.3/lib/apksigner.jar'
[35m[ADB][39m '/var/folders/rg/17jwk7ks20x11mxww1qzvr7r0000gn/T/Katalon/Appium/Temp1692479859624/2023720-4250-bd4j2l.8j5ul/appium-uiautomator2-server-v4.24.0.apk' is signed with the default certificate
[35m[ADB][39m '/var/folders/rg/17jwk7ks20x11mxww1qzvr7r0000gn/T/Katalon/Appium/Temp1692479859624/2023720-4250-bd4j2l.8j5ul/appium-uiautomator2-server-debug-androidTest.apk' is signed with the default certificate
[35m[UiAutomator2][39m Server packages are not going to be (re)installed
[35m[ADB][39m Adding packages ["io.appium.settings","io.appium.uiautomator2.server","io.appium.uiautomator2.server.test"] to Doze whitelist
[35m[UiAutomator2][39m Starting UIAutomator2 server 4.24.0
[35m[UiAutomator2][39m Using UIAutomator2 server from '/usr/local/lib/node_modules/appium/node_modules/appium-uiautomator2-server/apks/appium-uiautomator2-server-v4.24.0.apk' and test from '/usr/local/lib/node_modules/appium/node_modules/appium-uiautomator2-server/apks/appium-uiautomator2-server-debug-androidTest.apk'
[35m[UiAutomator2][39m Waiting up to 30000ms for UiAutomator2 to be online...
[35m[WD Proxy][39m socket hang up
[35m[WD Proxy][39m socket hang up
[35m[WD Proxy][39m socket hang up
[35m[WD Proxy][39m socket hang up
[35m[WD Proxy][39m Determined the downstream protocol as 'W3C'
[35m[AndroidDriver][39m Screen already unlocked, doing nothing
[35m[UiAutomator2][39m Starting 'com.android.settings/.Settings and waiting for 'com.android.settings/.Settings'
[35m[Appium][39m New AndroidUiautomator2Driver session created successfully, session 3b1cc332-f6f2-4cbf-8c0b-175357ea666c added to master session list
[35m[HTTP][39m [37m<-- POST /wd/hub/session [39m[32m200[39m [90m14008 ms - 1172[39m
[35m[HTTP][39m [90m[39m
[35m[HTTP][39m [37m-->[39m [37mGET[39m [37m/wd/hub/session/3b1cc332-f6f2-4cbf-8c0b-175357ea666c[39m
[35m[HTTP][39m [90m{}[39m
[35m[HTTP][39m [37m<-- GET /wd/hub/session/3b1cc332-f6f2-4cbf-8c0b-175357ea666c [39m[32m200[39m [90m14 ms - 1126[39m
[35m[HTTP][39m [90m[39m
[35m[HTTP][39m [37m-->[39m [37mGET[39m [37m/wd/hub/session/3b1cc332-f6f2-4cbf-8c0b-175357ea666c[39m
[35m[HTTP][39m [90m{}[39m
[35m[HTTP][39m [37m<-- GET /wd/hub/session/3b1cc332-f6f2-4cbf-8c0b-175357ea666c [39m[32m200[39m [90m20 ms - 1126[39m
[35m[HTTP][39m [90m[39m
[35m[HTTP][39m [37m-->[39m [37mGET[39m [37m/wd/hub/status[39m
[35m[HTTP][39m [90m{}[39m
[35m[HTTP][39m [37m<-- GET /wd/hub/status [39m[32m200[39m [90m2 ms - 68[39m
[35m[HTTP][39m [90m[39m
[35m[HTTP][39m [37m-->[39m [37mPOST[39m [37m/wd/hub/session/3b1cc332-f6f2-4cbf-8c0b-175357ea666c/timeouts[39m
[35m[HTTP][39m [90m{"implicit":60000}[39m
[35m[HTTP][39m [37m<-- POST /wd/hub/session/3b1cc332-f6f2-4cbf-8c0b-175357ea666c/timeouts [39m[32m200[39m [90m3 ms - 14[39m
[35m[HTTP][39m [90m[39m
[35m[HTTP][39m [37m-->[39m [37mGET[39m [37m/wd/hub/session/3b1cc332-f6f2-4cbf-8c0b-175357ea666c/screenshot[39m
[35m[HTTP][39m [90m{}[39m
[35m[HTTP][39m [37m<-- GET /wd/hub/session/3b1cc332-f6f2-4cbf-8c0b-175357ea666c/screenshot [39m[32m200[39m [90m681 ms - 150006[39m
[35m[HTTP][39m [90m[39m
[35m[HTTP][39m [37m-->[39m [37mGET[39m [37m/wd/hub/session/3b1cc332-f6f2-4cbf-8c0b-175357ea666c/window/rect[39m
[35m[HTTP][39m [90m{}[39m
[35m[HTTP][39m [37m<-- GET /wd/hub/session/3b1cc332-f6f2-4cbf-8c0b-175357ea666c/window/rect [39m[32m200[39m [90m33 ms - 49[39m
[35m[HTTP][39m [90m[39m
[35m[HTTP][39m [37m-->[39m [37mGET[39m [37m/wd/hub/session/3b1cc332-f6f2-4cbf-8c0b-175357ea666c/appium/device/system_bars[39m
[35m[HTTP][39m [90m{}[39m
[35m[HTTP][39m [37m<-- GET /wd/hub/session/3b1cc332-f6f2-4cbf-8c0b-175357ea666c/appium/device/system_bars [39m[32m200[39m [90m144 ms - 145[39m
[35m[HTTP][39m [90m[39m
[35m[HTTP][39m [37m-->[39m [37mPOST[39m [37m/wd/hub/session/3b1cc332-f6f2-4cbf-8c0b-175357ea666c/appium/device/activate_app[39m
[35m[HTTP][39m [90m{"bundleId":"com.google.android.calculator"}[39m
[35m[HTTP][39m [37m<-- POST /wd/hub/session/3b1cc332-f6f2-4cbf-8c0b-175357ea666c/appium/device/activate_app [39m[32m200[39m [90m1285 ms - 14[39m
[35m[HTTP][39m [90m[39m
[35m[HTTP][39m [37m-->[39m [37mGET[39m [37m/wd/hub/session/3b1cc332-f6f2-4cbf-8c0b-175357ea666c/source[39m
[35m[HTTP][39m [90m{}[39m
[35m[W3C (3b1cc332)][39m Driver proxy active, passing request on via HTTP proxy
[35m[WD Proxy][39m Replacing sessionId 45991f0c-442f-4ac5-8d19-03c311fb1932 with 3b1cc332-f6f2-4cbf-8c0b-175357ea666c
[35m[HTTP][39m [37m<-- GET /wd/hub/session/3b1cc332-f6f2-4cbf-8c0b-175357ea666c/source [39m[32m200[39m [90m426 ms - 11633[39m
[35m[HTTP][39m [90m[39m
[35m[HTTP][39m [37m-->[39m [37mGET[39m [37m/wd/hub/session/3b1cc332-f6f2-4cbf-8c0b-175357ea666c/screenshot[39m
[35m[HTTP][39m [90m{}[39m
[35m[HTTP][39m [37m<-- GET /wd/hub/session/3b1cc332-f6f2-4cbf-8c0b-175357ea666c/screenshot [39m[32m200[39m [90m1509 ms - 27374[39m
[35m[HTTP][39m [90m[39m
[35m[HTTP][39m [37m-->[39m [37mGET[39m [37m/wd/hub/session/3b1cc332-f6f2-4cbf-8c0b-175357ea666c/source[39m
[35m[HTTP][39m [90m{}[39m
[35m[W3C (3b1cc332)][39m Driver proxy active, passing request on via HTTP proxy
[35m[WD Proxy][39m Replacing sessionId 45991f0c-442f-4ac5-8d19-03c311fb1932 with 3b1cc332-f6f2-4cbf-8c0b-175357ea666c
[35m[HTTP][39m [37m<-- GET /wd/hub/session/3b1cc332-f6f2-4cbf-8c0b-175357ea666c/source [39m[32m200[39m [90m339 ms - 20047[39m
[35m[HTTP][39m [90m[39m
[35m[HTTP][39m [37m-->[39m [37mGET[39m [37m/wd/hub/session/3b1cc332-f6f2-4cbf-8c0b-175357ea666c/screenshot[39m
[35m[HTTP][39m [90m{}[39m
[35m[HTTP][39m [37m<-- GET /wd/hub/session/3b1cc332-f6f2-4cbf-8c0b-175357ea666c/screenshot [39m[32m200[39m [90m869 ms - 119398[39m
[35m[HTTP][39m [90m[39m
[35m[HTTP][39m [37m-->[39m [37mPOST[39m [37m/wd/hub/session/3b1cc332-f6f2-4cbf-8c0b-175357ea666c/elements[39m
[35m[HTTP][39m [90m{"using":"xpath","value":"//*[@class = 'android.widget.ImageButton' and @resource-id = 'com.google.android.calculator:id/digit_2' and (@text = '' or . = '')]"}[39m
[35m[HTTP][39m [37m<-- POST /wd/hub/session/3b1cc332-f6f2-4cbf-8c0b-175357ea666c/elements [39m[32m200[39m [90m567 ms - 139[39m
[35m[HTTP][39m [90m[39m
[35m[HTTP][39m [37m-->[39m [37mGET[39m [37m/wd/hub/session/3b1cc332-f6f2-4cbf-8c0b-175357ea666c/window/rect[39m
[35m[HTTP][39m [90m{}[39m
[35m[HTTP][39m [37m<-- GET /wd/hub/session/3b1cc332-f6f2-4cbf-8c0b-175357ea666c/window/rect [39m[32m200[39m [90m13 ms - 49[39m
[35m[HTTP][39m [90m[39m
[35m[HTTP][39m [37m-->[39m [37mPOST[39m [37m/wd/hub/session/3b1cc332-f6f2-4cbf-8c0b-175357ea666c/elements[39m
[35m[HTTP][39m [90m{"using":"xpath","value":"//*[@class = 'android.widget.ImageButton' and @resource-id = 'com.google.android.calculator:id/digit_2' and (@text = '' or . = '')]"}[39m
[35m[HTTP][39m [37m<-- POST /wd/hub/session/3b1cc332-f6f2-4cbf-8c0b-175357ea666c/elements [39m[32m200[39m [90m214 ms - 139[39m
[35m[HTTP][39m [90m[39m
[35m[HTTP][39m [37m-->[39m [37mGET[39m [37m/wd/hub/session/3b1cc332-f6f2-4cbf-8c0b-175357ea666c/element/00000000-0000-036b-ffff-ffff00000062/location[39m
[35m[HTTP][39m [90m{}[39m
[35m[W3C (3b1cc332)][39m Driver proxy active, passing request on via HTTP proxy
[35m[WD Proxy][39m Replacing sessionId 45991f0c-442f-4ac5-8d19-03c311fb1932 with 3b1cc332-f6f2-4cbf-8c0b-175357ea666c
[35m[HTTP][39m [37m<-- GET /wd/hub/session/3b1cc332-f6f2-4cbf-8c0b-175357ea666c/element/00000000-0000-036b-ffff-ffff00000062/location [39m[32m200[39m [90m410 ms - 79[39m
[35m[HTTP][39m [90m[39m
[35m[HTTP][39m [37m-->[39m [37mPOST[39m [37m/wd/hub/session/3b1cc332-f6f2-4cbf-8c0b-175357ea666c/element/00000000-0000-036b-ffff-ffff00000062/click[39m
[35m[HTTP][39m [90m{"id":"00000000-0000-036b-ffff-ffff00000062"}[39m
[35m[HTTP][39m [37m<-- POST /wd/hub/session/3b1cc332-f6f2-4cbf-8c0b-175357ea666c/element/00000000-0000-036b-ffff-ffff00000062/click [39m[32m200[39m [90m1992 ms - 14[39m
[35m[HTTP][39m [90m[39m
[35m[HTTP][39m [37m-->[39m [37mGET[39m [37m/wd/hub/session/3b1cc332-f6f2-4cbf-8c0b-175357ea666c/source[39m
[35m[HTTP][39m [90m{}[39m
[35m[W3C (3b1cc332)][39m Driver proxy active, passing request on via HTTP proxy
[35m[WD Proxy][39m Replacing sessionId 45991f0c-442f-4ac5-8d19-03c311fb1932 with 3b1cc332-f6f2-4cbf-8c0b-175357ea666c
[35m[HTTP][39m [37m<-- GET /wd/hub/session/3b1cc332-f6f2-4cbf-8c0b-175357ea666c/source [39m[32m200[39m [90m719 ms - 20020[39m
[35m[HTTP][39m [90m[39m
[35m[HTTP][39m [37m-->[39m [37mGET[39m [37m/wd/hub/session/3b1cc332-f6f2-4cbf-8c0b-175357ea666c/screenshot[39m
[35m[HTTP][39m [90m{}[39m
[35m[HTTP][39m [37m<-- GET /wd/hub/session/3b1cc332-f6f2-4cbf-8c0b-175357ea666c/screenshot [39m[32m200[39m [90m1233 ms - 125498[39m
[35m[HTTP][39m [90m[39m
[35m[HTTP][39m [37m-->[39m [37mPOST[39m [37m/wd/hub/session/3b1cc332-f6f2-4cbf-8c0b-175357ea666c/elements[39m
[35m[HTTP][39m [90m{"using":"xpath","value":"//*[@class = 'android.widget.ImageButton' and @resource-id = 'com.google.android.calculator:id/op_add' and (@text = '' or . = '')]"}[39m
[35m[HTTP][39m [37m<-- POST /wd/hub/session/3b1cc332-f6f2-4cbf-8c0b-175357ea666c/elements [39m[32m200[39m [90m1223 ms - 139[39m
[35m[HTTP][39m [90m[39m
[35m[HTTP][39m [37m-->[39m [37mGET[39m [37m/wd/hub/session/3b1cc332-f6f2-4cbf-8c0b-175357ea666c/window/rect[39m
[35m[HTTP][39m [90m{}[39m
[35m[HTTP][39m [37m<-- GET /wd/hub/session/3b1cc332-f6f2-4cbf-8c0b-175357ea666c/window/rect [39m[32m200[39m [90m14 ms - 49[39m
[35m[HTTP][39m [90m[39m
[35m[HTTP][39m [37m-->[39m [37mPOST[39m [37m/wd/hub/session/3b1cc332-f6f2-4cbf-8c0b-175357ea666c/elements[39m
[35m[HTTP][39m [90m{"using":"xpath","value":"//*[@class = 'android.widget.ImageButton' and @resource-id = 'com.google.android.calculator:id/op_add' and (@text = '' or . = '')]"}[39m
[35m[HTTP][39m [37m<-- POST /wd/hub/session/3b1cc332-f6f2-4cbf-8c0b-175357ea666c/elements [39m[32m200[39m [90m279 ms - 139[39m
[35m[HTTP][39m [90m[39m
[35m[HTTP][39m [37m-->[39m [37mGET[39m [37m/wd/hub/session/3b1cc332-f6f2-4cbf-8c0b-175357ea666c/element/00000000-0000-036b-ffff-ffff00000064/location[39m
[35m[HTTP][39m [90m{}[39m
[35m[W3C (3b1cc332)][39m Driver proxy active, passing request on via HTTP proxy
[35m[WD Proxy][39m Replacing sessionId 45991f0c-442f-4ac5-8d19-03c311fb1932 with 3b1cc332-f6f2-4cbf-8c0b-175357ea666c
[35m[HTTP][39m [37m<-- GET /wd/hub/session/3b1cc332-f6f2-4cbf-8c0b-175357ea666c/element/00000000-0000-036b-ffff-ffff00000064/location [39m[32m200[39m [90m963 ms - 79[39m
[35m[HTTP][39m [90m[39m
[35m[HTTP][39m [37m-->[39m [37mPOST[39m [37m/wd/hub/session/3b1cc332-f6f2-4cbf-8c0b-175357ea666c/element/00000000-0000-036b-ffff-ffff00000064/click[39m
[35m[HTTP][39m [90m{"id":"00000000-0000-036b-ffff-ffff00000064"}[39m
[35m[HTTP][39m [37m<-- POST /wd/hub/session/3b1cc332-f6f2-4cbf-8c0b-175357ea666c/element/00000000-0000-036b-ffff-ffff00000064/click [39m[32m200[39m [90m1487 ms - 14[39m
[35m[HTTP][39m [90m[39m
[35m[HTTP][39m [37m-->[39m [37mGET[39m [37m/wd/hub/session/3b1cc332-f6f2-4cbf-8c0b-175357ea666c/source[39m
[35m[HTTP][39m [90m{}[39m
[35m[W3C (3b1cc332)][39m Driver proxy active, passing request on via HTTP proxy
[35m[WD Proxy][39m Replacing sessionId 45991f0c-442f-4ac5-8d19-03c311fb1932 with 3b1cc332-f6f2-4cbf-8c0b-175357ea666c
[35m[HTTP][39m [37m<-- GET /wd/hub/session/3b1cc332-f6f2-4cbf-8c0b-175357ea666c/source [39m[32m200[39m [90m724 ms - 20021[39m
[35m[HTTP][39m [90m[39m
[35m[HTTP][39m [37m-->[39m [37mGET[39m [37m/wd/hub/session/3b1cc332-f6f2-4cbf-8c0b-175357ea666c/screenshot[39m
[35m[HTTP][39m [90m{}[39m
[35m[HTTP][39m [37m<-- GET /wd/hub/session/3b1cc332-f6f2-4cbf-8c0b-175357ea666c/screenshot [39m[32m200[39m [90m1263 ms - 124210[39m
[35m[HTTP][39m [90m[39m
[35m[HTTP][39m [37m-->[39m [37mPOST[39m [37m/wd/hub/session/3b1cc332-f6f2-4cbf-8c0b-175357ea666c/elements[39m
[35m[HTTP][39m [90m{"using":"xpath","value":"//*[@class = 'android.widget.ImageButton' and @resource-id = 'com.google.android.calculator:id/digit_3' and (@text = '' or . = '')]"}[39m
[35m[HTTP][39m [37m<-- POST /wd/hub/session/3b1cc332-f6f2-4cbf-8c0b-175357ea666c/elements [39m[32m200[39m [90m836 ms - 139[39m
[35m[HTTP][39m [90m[39m
[35m[HTTP][39m [37m-->[39m [37mGET[39m [37m/wd/hub/session/3b1cc332-f6f2-4cbf-8c0b-175357ea666c/window/rect[39m
[35m[HTTP][39m [90m{}[39m
[35m[HTTP][39m [37m<-- GET /wd/hub/session/3b1cc332-f6f2-4cbf-8c0b-175357ea666c/window/rect [39m[32m200[39m [90m15 ms - 49[39m
[35m[HTTP][39m [90m[39m
[35m[HTTP][39m [37m-->[39m [37mPOST[39m [37m/wd/hub/session/3b1cc332-f6f2-4cbf-8c0b-175357ea666c/elements[39m
[35m[HTTP][39m [90m{"using":"xpath","value":"//*[@class = 'android.widget.ImageButton' and @resource-id = 'com.google.android.calculator:id/digit_3' and (@text = '' or . = '')]"}[39m
[35m[HTTP][39m [37m<-- POST /wd/hub/session/3b1cc332-f6f2-4cbf-8c0b-175357ea666c/elements [39m[32m200[39m [90m267 ms - 139[39m
[35m[HTTP][39m [90m[39m
[35m[HTTP][39m [37m-->[39m [37mGET[39m [37m/wd/hub/session/3b1cc332-f6f2-4cbf-8c0b-175357ea666c/element/00000000-0000-036b-ffff-ffff00000063/location[39m
[35m[HTTP][39m [90m{}[39m
[35m[W3C (3b1cc332)][39m Driver proxy active, passing request on via HTTP proxy
[35m[WD Proxy][39m Replacing sessionId 45991f0c-442f-4ac5-8d19-03c311fb1932 with 3b1cc332-f6f2-4cbf-8c0b-175357ea666c
[35m[HTTP][39m [37m<-- GET /wd/hub/session/3b1cc332-f6f2-4cbf-8c0b-175357ea666c/element/00000000-0000-036b-ffff-ffff00000063/location [39m[32m200[39m [90m1463 ms - 79[39m
[35m[HTTP][39m [90m[39m
[35m[HTTP][39m [37m-->[39m [37mPOST[39m [37m/wd/hub/session/3b1cc332-f6f2-4cbf-8c0b-175357ea666c/element/00000000-0000-036b-ffff-ffff00000063/click[39m
[35m[HTTP][39m [90m{"id":"00000000-0000-036b-ffff-ffff00000063"}[39m
[35m[HTTP][39m [37m<-- POST /wd/hub/session/3b1cc332-f6f2-4cbf-8c0b-175357ea666c/element/00000000-0000-036b-ffff-ffff00000063/click [39m[32m200[39m [90m978 ms - 14[39m
[35m[HTTP][39m [90m[39m
[35m[HTTP][39m [37m-->[39m [37mGET[39m [37m/wd/hub/session/3b1cc332-f6f2-4cbf-8c0b-175357ea666c/source[39m
[35m[HTTP][39m [90m{}[39m
[35m[W3C (3b1cc332)][39m Driver proxy active, passing request on via HTTP proxy
[35m[WD Proxy][39m Replacing sessionId 45991f0c-442f-4ac5-8d19-03c311fb1932 with 3b1cc332-f6f2-4cbf-8c0b-175357ea666c
[35m[HTTP][39m [37m<-- GET /wd/hub/session/3b1cc332-f6f2-4cbf-8c0b-175357ea666c/source [39m[32m200[39m [90m687 ms - 19995[39m
[35m[HTTP][39m [90m[39m
[35m[HTTP][39m [37m-->[39m [37mGET[39m [37m/wd/hub/session/3b1cc332-f6f2-4cbf-8c0b-175357ea666c/screenshot[39m
[35m[HTTP][39m [90m{}[39m
[35m[HTTP][39m [37m<-- GET /wd/hub/session/3b1cc332-f6f2-4cbf-8c0b-175357ea666c/screenshot [39m[32m200[39m [90m1308 ms - 134288[39m
[35m[HTTP][39m [90m[39m
[35m[HTTP][39m [37m-->[39m [37mPOST[39m [37m/wd/hub/session/3b1cc332-f6f2-4cbf-8c0b-175357ea666c/elements[39m
[35m[HTTP][39m [90m{"using":"xpath","value":"//*[@class = 'android.widget.TextView' and (@text = '5' or . = '5') and @resource-id = 'com.google.android.calculator:id/result_preview']"}[39m
[35m[HTTP][39m [37m<-- POST /wd/hub/session/3b1cc332-f6f2-4cbf-8c0b-175357ea666c/elements [39m[32m200[39m [90m554 ms - 139[39m
[35m[HTTP][39m [90m[39m
[35m[HTTP][39m [37m-->[39m [37mGET[39m [37m/wd/hub/session/3b1cc332-f6f2-4cbf-8c0b-175357ea666c/window/rect[39m
[35m[HTTP][39m [90m{}[39m
[35m[HTTP][39m [37m<-- GET /wd/hub/session/3b1cc332-f6f2-4cbf-8c0b-175357ea666c/window/rect [39m[32m200[39m [90m16 ms - 49[39m
[35m[HTTP][39m [90m[39m
[35m[HTTP][39m [37m-->[39m [37mPOST[39m [37m/wd/hub/session/3b1cc332-f6f2-4cbf-8c0b-175357ea666c/elements[39m
[35m[HTTP][39m [90m{"using":"xpath","value":"//*[@class = 'android.widget.TextView' and (@text = '5' or . = '5') and @resource-id = 'com.google.android.calculator:id/result_preview']"}[39m
[35m[HTTP][39m [37m<-- POST /wd/hub/session/3b1cc332-f6f2-4cbf-8c0b-175357ea666c/elements [39m[32m200[39m [90m293 ms - 139[39m
[35m[HTTP][39m [90m[39m
[35m[HTTP][39m [37m-->[39m [37mGET[39m [37m/wd/hub/session/3b1cc332-f6f2-4cbf-8c0b-175357ea666c/element/00000000-0000-036b-ffff-ffff00000024/location[39m
[35m[HTTP][39m [90m{}[39m
[35m[W3C (3b1cc332)][39m Driver proxy active, passing request on via HTTP proxy
[35m[WD Proxy][39m Replacing sessionId 45991f0c-442f-4ac5-8d19-03c311fb1932 with 3b1cc332-f6f2-4cbf-8c0b-175357ea666c
[35m[HTTP][39m [37m<-- GET /wd/hub/session/3b1cc332-f6f2-4cbf-8c0b-175357ea666c/element/00000000-0000-036b-ffff-ffff00000024/location [39m[32m200[39m [90m506 ms - 76[39m
[35m[HTTP][39m [90m[39m
[35m[HTTP][39m [37m-->[39m [37mPOST[39m [37m/wd/hub/session/3b1cc332-f6f2-4cbf-8c0b-175357ea666c/element/00000000-0000-036b-ffff-ffff00000024/click[39m
[35m[HTTP][39m [90m{"id":"00000000-0000-036b-ffff-ffff00000024"}[39m
[35m[HTTP][39m [37m<-- POST /wd/hub/session/3b1cc332-f6f2-4cbf-8c0b-175357ea666c/element/00000000-0000-036b-ffff-ffff00000024/click [39m[32m200[39m [90m92 ms - 14[39m
[35m[HTTP][39m [90m[39m
[35m[HTTP][39m [37m-->[39m [37mGET[39m [37m/wd/hub/session/3b1cc332-f6f2-4cbf-8c0b-175357ea666c/source[39m
[35m[HTTP][39m [90m{}[39m
[35m[W3C (3b1cc332)][39m Driver proxy active, passing request on via HTTP proxy
[35m[WD Proxy][39m Replacing sessionId 45991f0c-442f-4ac5-8d19-03c311fb1932 with 3b1cc332-f6f2-4cbf-8c0b-175357ea666c
[35m[HTTP][39m [37m<-- GET /wd/hub/session/3b1cc332-f6f2-4cbf-8c0b-175357ea666c/source [39m[32m200[39m [90m1603 ms - 19995[39m
[35m[HTTP][39m [90m[39m
[35m[HTTP][39m [37m-->[39m [37mGET[39m [37m/wd/hub/session/3b1cc332-f6f2-4cbf-8c0b-175357ea666c/screenshot[39m
[35m[HTTP][39m [90m{}[39m
[35m[HTTP][39m [37m<-- GET /wd/hub/session/3b1cc332-f6f2-4cbf-8c0b-175357ea666c/screenshot [39m[32m200[39m [90m1275 ms - 133442[39m
[35m[HTTP][39m [90m[39m
[35m[HTTP][39m [37m-->[39m [37mPOST[39m [37m/wd/hub/session/3b1cc332-f6f2-4cbf-8c0b-175357ea666c/elements[39m
[35m[HTTP][39m [90m{"using":"xpath","value":"//*[@class = 'android.widget.ImageButton' and @resource-id = 'com.google.android.calculator:id/eq' and (@text = '' or . = '')]"}[39m
[35m[HTTP][39m [37m<-- POST /wd/hub/session/3b1cc332-f6f2-4cbf-8c0b-175357ea666c/elements [39m[32m200[39m [90m1338 ms - 139[39m
[35m[HTTP][39m [90m[39m
[35m[HTTP][39m [37m-->[39m [37mGET[39m [37m/wd/hub/session/3b1cc332-f6f2-4cbf-8c0b-175357ea666c/window/rect[39m
[35m[HTTP][39m [90m{}[39m
[35m[HTTP][39m [37m<-- GET /wd/hub/session/3b1cc332-f6f2-4cbf-8c0b-175357ea666c/window/rect [39m[32m200[39m [90m17 ms - 49[39m
[35m[HTTP][39m [90m[39m
[35m[HTTP][39m [37m-->[39m [37mPOST[39m [37m/wd/hub/session/3b1cc332-f6f2-4cbf-8c0b-175357ea666c/elements[39m
[35m[HTTP][39m [90m{"using":"xpath","value":"//*[@class = 'android.widget.ImageButton' and @resource-id = 'com.google.android.calculator:id/eq' and (@text = '' or . = '')]"}[39m
[35m[HTTP][39m [37m<-- POST /wd/hub/session/3b1cc332-f6f2-4cbf-8c0b-175357ea666c/elements [39m[32m200[39m [90m468 ms - 139[39m
[35m[HTTP][39m [90m[39m
[35m[HTTP][39m [37m-->[39m [37mGET[39m [37m/wd/hub/session/3b1cc332-f6f2-4cbf-8c0b-175357ea666c/element/00000000-0000-036b-ffff-ffff00000068/location[39m
[35m[HTTP][39m [90m{}[39m
[35m[W3C (3b1cc332)][39m Driver proxy active, passing request on via HTTP proxy
[35m[WD Proxy][39m Replacing sessionId 45991f0c-442f-4ac5-8d19-03c311fb1932 with 3b1cc332-f6f2-4cbf-8c0b-175357ea666c
[35m[HTTP][39m [37m<-- GET /wd/hub/session/3b1cc332-f6f2-4cbf-8c0b-175357ea666c/element/00000000-0000-036b-ffff-ffff00000068/location [39m[32m200[39m [90m33 ms - 79[39m
[35m[HTTP][39m [90m[39m
[35m[HTTP][39m [37m-->[39m [37mPOST[39m [37m/wd/hub/session/3b1cc332-f6f2-4cbf-8c0b-175357ea666c/element/00000000-0000-036b-ffff-ffff00000068/click[39m
[35m[HTTP][39m [90m{"id":"00000000-0000-036b-ffff-ffff00000068"}[39m
[35m[HTTP][39m [37m<-- POST /wd/hub/session/3b1cc332-f6f2-4cbf-8c0b-175357ea666c/element/00000000-0000-036b-ffff-ffff00000068/click [39m[32m200[39m [90m1154 ms - 14[39m
[35m[HTTP][39m [90m[39m
[35m[HTTP][39m [37m-->[39m [37mGET[39m [37m/wd/hub/session/3b1cc332-f6f2-4cbf-8c0b-175357ea666c/source[39m
[35m[HTTP][39m [90m{}[39m
[35m[W3C (3b1cc332)][39m Driver proxy active, passing request on via HTTP proxy
[35m[WD Proxy][39m Replacing sessionId 45991f0c-442f-4ac5-8d19-03c311fb1932 with 3b1cc332-f6f2-4cbf-8c0b-175357ea666c
[35m[HTTP][39m [37m<-- GET /wd/hub/session/3b1cc332-f6f2-4cbf-8c0b-175357ea666c/source [39m[32m200[39m [90m294 ms - 18955[39m
[35m[HTTP][39m [90m[39m
[35m[HTTP][39m [37m-->[39m [37mGET[39m [37m/wd/hub/session/3b1cc332-f6f2-4cbf-8c0b-175357ea666c/screenshot[39m
[35m[HTTP][39m [90m{}[39m
[35m[HTTP][39m [37m<-- GET /wd/hub/session/3b1cc332-f6f2-4cbf-8c0b-175357ea666c/screenshot [39m[32m200[39m [90m1183 ms - 126308[39m
[35m[HTTP][39m [90m[39m
[35m[HTTP][39m [37m-->[39m [37mPOST[39m [37m/wd/hub/session/3b1cc332-f6f2-4cbf-8c0b-175357ea666c/elements[39m
[35m[HTTP][39m [90m{"using":"xpath","value":"//*[@class = 'android.widget.TextView' and (@text = '5' or . = '5') and @resource-id = 'com.google.android.calculator:id/result_final']"}[39m
[35m[HTTP][39m [37m<-- POST /wd/hub/session/3b1cc332-f6f2-4cbf-8c0b-175357ea666c/elements [39m[32m200[39m [90m401 ms - 139[39m
[35m[HTTP][39m [90m[39m
[35m[HTTP][39m [37m-->[39m [37mGET[39m [37m/wd/hub/session/3b1cc332-f6f2-4cbf-8c0b-175357ea666c/window/rect[39m
[35m[HTTP][39m [90m{}[39m
[35m[HTTP][39m [37m<-- GET /wd/hub/session/3b1cc332-f6f2-4cbf-8c0b-175357ea666c/window/rect [39m[32m200[39m [90m16 ms - 49[39m
[35m[HTTP][39m [90m[39m
[35m[HTTP][39m [37m-->[39m [37mPOST[39m [37m/wd/hub/session/3b1cc332-f6f2-4cbf-8c0b-175357ea666c/elements[39m
[35m[HTTP][39m [90m{"using":"xpath","value":"//*[@class = 'android.widget.TextView' and (@text = '5' or . = '5') and @resource-id = 'com.google.android.calculator:id/result_final']"}[39m
[35m[HTTP][39m [37m<-- POST /wd/hub/session/3b1cc332-f6f2-4cbf-8c0b-175357ea666c/elements [39m[32m200[39m [90m295 ms - 139[39m
[35m[HTTP][39m [90m[39m
[35m[HTTP][39m [37m-->[39m [37mGET[39m [37m/wd/hub/session/3b1cc332-f6f2-4cbf-8c0b-175357ea666c/element/00000000-0000-036b-ffff-ffff00000021/location[39m
[35m[HTTP][39m [90m{}[39m
[35m[W3C (3b1cc332)][39m Driver proxy active, passing request on via HTTP proxy
[35m[WD Proxy][39m Replacing sessionId 45991f0c-442f-4ac5-8d19-03c311fb1932 with 3b1cc332-f6f2-4cbf-8c0b-175357ea666c
[35m[HTTP][39m [37m<-- GET /wd/hub/session/3b1cc332-f6f2-4cbf-8c0b-175357ea666c/element/00000000-0000-036b-ffff-ffff00000021/location [39m[32m200[39m [90m903 ms - 76[39m
[35m[HTTP][39m [90m[39m
[35m[HTTP][39m [37m-->[39m [37mGET[39m [37m/wd/hub/session/3b1cc332-f6f2-4cbf-8c0b-175357ea666c/element/00000000-0000-036b-ffff-ffff00000021/text[39m
[35m[HTTP][39m [90m{}[39m
[35m[W3C (3b1cc332)][39m Driver proxy active, passing request on via HTTP proxy
[35m[WD Proxy][39m Replacing sessionId 45991f0c-442f-4ac5-8d19-03c311fb1932 with 3b1cc332-f6f2-4cbf-8c0b-175357ea666c
[35m[HTTP][39m [37m<-- GET /wd/hub/session/3b1cc332-f6f2-4cbf-8c0b-175357ea666c/element/00000000-0000-036b-ffff-ffff00000021/text [39m[32m200[39m [90m517 ms - 64[39m
[35m[HTTP][39m [90m[39m
[35m[HTTP][39m [37m-->[39m [37mGET[39m [37m/wd/hub/session/3b1cc332-f6f2-4cbf-8c0b-175357ea666c/source[39m
[35m[HTTP][39m [90m{}[39m
[35m[W3C (3b1cc332)][39m Driver proxy active, passing request on via HTTP proxy
[35m[WD Proxy][39m Replacing sessionId 45991f0c-442f-4ac5-8d19-03c311fb1932 with 3b1cc332-f6f2-4cbf-8c0b-175357ea666c
[35m[HTTP][39m [37m<-- GET /wd/hub/session/3b1cc332-f6f2-4cbf-8c0b-175357ea666c/source [39m[32m200[39m [90m1147 ms - 18955[39m
[35m[HTTP][39m [90m[39m
[35m[HTTP][39m [37m-->[39m [37mGET[39m [37m/wd/hub/session/3b1cc332-f6f2-4cbf-8c0b-175357ea666c/screenshot[39m
[35m[HTTP][39m [90m{}[39m
[35m[HTTP][39m [37m<-- GET /wd/hub/session/3b1cc332-f6f2-4cbf-8c0b-175357ea666c/screenshot [39m[32m200[39m [90m734 ms - 125868[39m
[35m[HTTP][39m [90m[39m
[35m[HTTP][39m [37m-->[39m [37mPOST[39m [37m/wd/hub/session/3b1cc332-f6f2-4cbf-8c0b-175357ea666c/elements[39m
[35m[HTTP][39m [90m{"using":"xpath","value":"//*[@class = 'android.widget.TextView' and (@text = '5' or . = '5') and @resource-id = 'com.google.android.calculator:id/result_final']"}[39m
[35m[HTTP][39m [37m<-- POST /wd/hub/session/3b1cc332-f6f2-4cbf-8c0b-175357ea666c/elements [39m[32m200[39m [90m1071 ms - 139[39m
[35m[HTTP][39m [90m[39m
[35m[HTTP][39m [37m-->[39m [37mGET[39m [37m/wd/hub/session/3b1cc332-f6f2-4cbf-8c0b-175357ea666c/window/rect[39m
[35m[HTTP][39m [90m{}[39m
[35m[HTTP][39m [37m<-- GET /wd/hub/session/3b1cc332-f6f2-4cbf-8c0b-175357ea666c/window/rect [39m[32m200[39m [90m22 ms - 49[39m
[35m[HTTP][39m [90m[39m
[35m[HTTP][39m [37m-->[39m [37mPOST[39m [37m/wd/hub/session/3b1cc332-f6f2-4cbf-8c0b-175357ea666c/elements[39m
[35m[HTTP][39m [90m{"using":"xpath","value":"//*[@class = 'android.widget.TextView' and (@text = '5' or . = '5') and @resource-id = 'com.google.android.calculator:id/result_final']"}[39m
[35m[HTTP][39m [37m<-- POST /wd/hub/session/3b1cc332-f6f2-4cbf-8c0b-175357ea666c/elements [39m[32m200[39m [90m430 ms - 139[39m
[35m[HTTP][39m [90m[39m
[35m[HTTP][39m [37m-->[39m [37mGET[39m [37m/wd/hub/session/3b1cc332-f6f2-4cbf-8c0b-175357ea666c/element/00000000-0000-036b-ffff-ffff00000021/location[39m
[35m[HTTP][39m [90m{}[39m
[35m[W3C (3b1cc332)][39m Driver proxy active, passing request on via HTTP proxy
[35m[WD Proxy][39m Replacing sessionId 45991f0c-442f-4ac5-8d19-03c311fb1932 with 3b1cc332-f6f2-4cbf-8c0b-175357ea666c
[35m[HTTP][39m [37m<-- GET /wd/hub/session/3b1cc332-f6f2-4cbf-8c0b-175357ea666c/element/00000000-0000-036b-ffff-ffff00000021/location [39m[32m200[39m [90m22 ms - 76[39m
[35m[HTTP][39m [90m[39m
[35m[HTTP][39m [37m-->[39m [37mPOST[39m [37m/wd/hub/session/3b1cc332-f6f2-4cbf-8c0b-175357ea666c/element/00000000-0000-036b-ffff-ffff00000021/click[39m
[35m[HTTP][39m [90m{"id":"00000000-0000-036b-ffff-ffff00000021"}[39m
[35m[HTTP][39m [37m<-- POST /wd/hub/session/3b1cc332-f6f2-4cbf-8c0b-175357ea666c/element/00000000-0000-036b-ffff-ffff00000021/click [39m[32m200[39m [90m800 ms - 14[39m
[35m[HTTP][39m [90m[39m
[35m[HTTP][39m [37m-->[39m [37mGET[39m [37m/wd/hub/session/3b1cc332-f6f2-4cbf-8c0b-175357ea666c/source[39m
[35m[HTTP][39m [90m{}[39m
[35m[W3C (3b1cc332)][39m Driver proxy active, passing request on via HTTP proxy
[35m[WD Proxy][39m Replacing sessionId 45991f0c-442f-4ac5-8d19-03c311fb1932 with 3b1cc332-f6f2-4cbf-8c0b-175357ea666c
[35m[HTTP][39m [37m<-- GET /wd/hub/session/3b1cc332-f6f2-4cbf-8c0b-175357ea666c/source [39m[32m200[39m [90m772 ms - 18954[39m
[35m[HTTP][39m [90m[39m
[35m[HTTP][39m [37m-->[39m [37mGET[39m [37m/wd/hub/session/3b1cc332-f6f2-4cbf-8c0b-175357ea666c/screenshot[39m
[35m[HTTP][39m [90m{}[39m
[35m[HTTP][39m [37m<-- GET /wd/hub/session/3b1cc332-f6f2-4cbf-8c0b-175357ea666c/screenshot [39m[32m200[39m [90m1222 ms - 126044[39m
[35m[HTTP][39m [90m[39m
[35m[HTTP][39m [37m-->[39m [37mPOST[39m [37m/wd/hub/session/3b1cc332-f6f2-4cbf-8c0b-175357ea666c/elements[39m
[35m[HTTP][39m [90m{"using":"xpath","value":"//*[@class = 'android.widget.ImageButton' and @resource-id = 'com.google.android.calculator:id/op_add' and (@text = '' or . = '')]"}[39m
[35m[HTTP][39m [37m<-- POST /wd/hub/session/3b1cc332-f6f2-4cbf-8c0b-175357ea666c/elements [39m[32m200[39m [90m581 ms - 139[39m
[35m[HTTP][39m [90m[39m
[35m[HTTP][39m [37m-->[39m [37mGET[39m [37m/wd/hub/session/3b1cc332-f6f2-4cbf-8c0b-175357ea666c/window/rect[39m
[35m[HTTP][39m [90m{}[39m
[35m[HTTP][39m [37m<-- GET /wd/hub/session/3b1cc332-f6f2-4cbf-8c0b-175357ea666c/window/rect [39m[32m200[39m [90m21 ms - 49[39m
[35m[HTTP][39m [90m[39m
[35m[HTTP][39m [37m-->[39m [37mPOST[39m [37m/wd/hub/session/3b1cc332-f6f2-4cbf-8c0b-175357ea666c/elements[39m
[35m[HTTP][39m [90m{"using":"xpath","value":"//*[@class = 'android.widget.ImageButton' and @resource-id = 'com.google.android.calculator:id/op_add' and (@text = '' or . = '')]"}[39m
[35m[HTTP][39m [37m<-- POST /wd/hub/session/3b1cc332-f6f2-4cbf-8c0b-175357ea666c/elements [39m[32m200[39m [90m282 ms - 139[39m
[35m[HTTP][39m [90m[39m
[35m[HTTP][39m [37m-->[39m [37mGET[39m [37m/wd/hub/session/3b1cc332-f6f2-4cbf-8c0b-175357ea666c/element/00000000-0000-036b-ffff-ffff00000064/location[39m
[35m[HTTP][39m [90m{}[39m
[35m[W3C (3b1cc332)][39m Driver proxy active, passing request on via HTTP proxy
[35m[WD Proxy][39m Replacing sessionId 45991f0c-442f-4ac5-8d19-03c311fb1932 with 3b1cc332-f6f2-4cbf-8c0b-175357ea666c
[35m[HTTP][39m [37m<-- GET /wd/hub/session/3b1cc332-f6f2-4cbf-8c0b-175357ea666c/element/00000000-0000-036b-ffff-ffff00000064/location [39m[32m200[39m [90m425 ms - 79[39m
[35m[HTTP][39m [90m[39m
[35m[HTTP][39m [37m-->[39m [37mPOST[39m [37m/wd/hub/session/3b1cc332-f6f2-4cbf-8c0b-175357ea666c/element/00000000-0000-036b-ffff-ffff00000064/click[39m
[35m[HTTP][39m [90m{"id":"00000000-0000-036b-ffff-ffff00000064"}[39m
[35m[HTTP][39m [37m<-- POST /wd/hub/session/3b1cc332-f6f2-4cbf-8c0b-175357ea666c/element/00000000-0000-036b-ffff-ffff00000064/click [39m[32m200[39m [90m1490 ms - 14[39m
[35m[HTTP][39m [90m[39m
[35m[HTTP][39m [37m-->[39m [37mGET[39m [37m/wd/hub/session/3b1cc332-f6f2-4cbf-8c0b-175357ea666c/source[39m
[35m[HTTP][39m [90m{}[39m
[35m[W3C (3b1cc332)][39m Driver proxy active, passing request on via HTTP proxy
[35m[WD Proxy][39m Replacing sessionId 45991f0c-442f-4ac5-8d19-03c311fb1932 with 3b1cc332-f6f2-4cbf-8c0b-175357ea666c
[35m[HTTP][39m [37m<-- GET /wd/hub/session/3b1cc332-f6f2-4cbf-8c0b-175357ea666c/source [39m[32m200[39m [90m180 ms - 20021[39m
[35m[HTTP][39m [90m[39m
[35m[HTTP][39m [37m-->[39m [37mGET[39m [37m/wd/hub/session/3b1cc332-f6f2-4cbf-8c0b-175357ea666c/screenshot[39m
[35m[HTTP][39m [90m{}[39m
[35m[HTTP][39m [37m<-- GET /wd/hub/session/3b1cc332-f6f2-4cbf-8c0b-175357ea666c/screenshot [39m[32m200[39m [90m1237 ms - 126290[39m
[35m[HTTP][39m [90m[39m
[35m[HTTP][39m [37m-->[39m [37mPOST[39m [37m/wd/hub/session/3b1cc332-f6f2-4cbf-8c0b-175357ea666c/elements[39m
[35m[HTTP][39m [90m{"using":"xpath","value":"//*[@class = 'android.widget.ImageButton' and @resource-id = 'com.google.android.calculator:id/digit_3' and (@text = '' or . = '')]"}[39m
[35m[HTTP][39m [37m<-- POST /wd/hub/session/3b1cc332-f6f2-4cbf-8c0b-175357ea666c/elements [39m[32m200[39m [90m326 ms - 139[39m
[35m[HTTP][39m [90m[39m
[35m[HTTP][39m [37m-->[39m [37mGET[39m [37m/wd/hub/session/3b1cc332-f6f2-4cbf-8c0b-175357ea666c/window/rect[39m
[35m[HTTP][39m [90m{}[39m
[35m[HTTP][39m [37m<-- GET /wd/hub/session/3b1cc332-f6f2-4cbf-8c0b-175357ea666c/window/rect [39m[32m200[39m [90m20 ms - 49[39m
[35m[HTTP][39m [90m[39m
[35m[HTTP][39m [37m-->[39m [37mPOST[39m [37m/wd/hub/session/3b1cc332-f6f2-4cbf-8c0b-175357ea666c/elements[39m
[35m[HTTP][39m [90m{"using":"xpath","value":"//*[@class = 'android.widget.ImageButton' and @resource-id = 'com.google.android.calculator:id/digit_3' and (@text = '' or . = '')]"}[39m
[35m[HTTP][39m [37m<-- POST /wd/hub/session/3b1cc332-f6f2-4cbf-8c0b-175357ea666c/elements [39m[32m200[39m [90m240 ms - 139[39m
[35m[HTTP][39m [90m[39m
[35m[HTTP][39m [37m-->[39m [37mGET[39m [37m/wd/hub/session/3b1cc332-f6f2-4cbf-8c0b-175357ea666c/element/00000000-0000-036b-ffff-ffff00000063/location[39m
[35m[HTTP][39m [90m{}[39m
[35m[W3C (3b1cc332)][39m Driver proxy active, passing request on via HTTP proxy
[35m[WD Proxy][39m Replacing sessionId 45991f0c-442f-4ac5-8d19-03c311fb1932 with 3b1cc332-f6f2-4cbf-8c0b-175357ea666c
[35m[HTTP][39m [37m<-- GET /wd/hub/session/3b1cc332-f6f2-4cbf-8c0b-175357ea666c/element/00000000-0000-036b-ffff-ffff00000063/location [39m[32m200[39m [90m24 ms - 79[39m
[35m[HTTP][39m [90m[39m
[35m[HTTP][39m [37m-->[39m [37mPOST[39m [37m/wd/hub/session/3b1cc332-f6f2-4cbf-8c0b-175357ea666c/element/00000000-0000-036b-ffff-ffff00000063/click[39m
[35m[HTTP][39m [90m{"id":"00000000-0000-036b-ffff-ffff00000063"}[39m
[35m[HTTP][39m [37m<-- POST /wd/hub/session/3b1cc332-f6f2-4cbf-8c0b-175357ea666c/element/00000000-0000-036b-ffff-ffff00000063/click [39m[32m200[39m [90m1526 ms - 14[39m
[35m[HTTP][39m [90m[39m
[35m[HTTP][39m [37m-->[39m [37mGET[39m [37m/wd/hub/session/3b1cc332-f6f2-4cbf-8c0b-175357ea666c/source[39m
[35m[HTTP][39m [90m{}[39m
[35m[W3C (3b1cc332)][39m Driver proxy active, passing request on via HTTP proxy
[35m[WD Proxy][39m Replacing sessionId 45991f0c-442f-4ac5-8d19-03c311fb1932 with 3b1cc332-f6f2-4cbf-8c0b-175357ea666c
[35m[HTTP][39m [37m<-- GET /wd/hub/session/3b1cc332-f6f2-4cbf-8c0b-175357ea666c/source [39m[32m200[39m [90m1572 ms - 19995[39m
[35m[HTTP][39m [90m[39m
[35m[HTTP][39m [37m-->[39m [37mGET[39m [37m/wd/hub/session/3b1cc332-f6f2-4cbf-8c0b-175357ea666c/screenshot[39m
[35m[HTTP][39m [90m{}[39m
[35m[HTTP][39m [37m<-- GET /wd/hub/session/3b1cc332-f6f2-4cbf-8c0b-175357ea666c/screenshot [39m[32m200[39m [90m685 ms - 135490[39m
[35m[HTTP][39m [90m[39m
[35m[HTTP][39m [37m-->[39m [37mPOST[39m [37m/wd/hub/session/3b1cc332-f6f2-4cbf-8c0b-175357ea666c/elements[39m
[35m[HTTP][39m [90m{"using":"xpath","value":"//*[@class = 'android.widget.TextView' and (@text = '8' or . = '8') and @resource-id = 'com.google.android.calculator:id/result_preview']"}[39m
[35m[HTTP][39m [37m<-- POST /wd/hub/session/3b1cc332-f6f2-4cbf-8c0b-175357ea666c/elements [39m[32m200[39m [90m448 ms - 139[39m
[35m[HTTP][39m [90m[39m
[35m[HTTP][39m [37m-->[39m [37mGET[39m [37m/wd/hub/session/3b1cc332-f6f2-4cbf-8c0b-175357ea666c/window/rect[39m
[35m[HTTP][39m [90m{}[39m
[35m[HTTP][39m [37m<-- GET /wd/hub/session/3b1cc332-f6f2-4cbf-8c0b-175357ea666c/window/rect [39m[32m200[39m [90m20 ms - 49[39m
[35m[HTTP][39m [90m[39m
[35m[HTTP][39m [37m-->[39m [37mPOST[39m [37m/wd/hub/session/3b1cc332-f6f2-4cbf-8c0b-175357ea666c/elements[39m
[35m[HTTP][39m [90m{"using":"xpath","value":"//*[@class = 'android.widget.TextView' and (@text = '8' or . = '8') and @resource-id = 'com.google.android.calculator:id/result_preview']"}[39m
[35m[HTTP][39m [37m<-- POST /wd/hub/session/3b1cc332-f6f2-4cbf-8c0b-175357ea666c/elements [39m[32m200[39m [90m205 ms - 139[39m
[35m[HTTP][39m [90m[39m
[35m[HTTP][39m [37m-->[39m [37mGET[39m [37m/wd/hub/session/3b1cc332-f6f2-4cbf-8c0b-175357ea666c/element/00000000-0000-036b-ffff-ffff00000024/location[39m
[35m[HTTP][39m [90m{}[39m
[35m[W3C (3b1cc332)][39m Driver proxy active, passing request on via HTTP proxy
[35m[WD Proxy][39m Replacing sessionId 45991f0c-442f-4ac5-8d19-03c311fb1932 with 3b1cc332-f6f2-4cbf-8c0b-175357ea666c
[35m[HTTP][39m [37m<-- GET /wd/hub/session/3b1cc332-f6f2-4cbf-8c0b-175357ea666c/element/00000000-0000-036b-ffff-ffff00000024/location [39m[32m200[39m [90m33 ms - 76[39m
[35m[HTTP][39m [90m[39m
[35m[HTTP][39m [37m-->[39m [37mGET[39m [37m/wd/hub/session/3b1cc332-f6f2-4cbf-8c0b-175357ea666c/element/00000000-0000-036b-ffff-ffff00000024/text[39m
[35m[HTTP][39m [90m{}[39m
[35m[W3C (3b1cc332)][39m Driver proxy active, passing request on via HTTP proxy
[35m[WD Proxy][39m Replacing sessionId 45991f0c-442f-4ac5-8d19-03c311fb1932 with 3b1cc332-f6f2-4cbf-8c0b-175357ea666c
[35m[HTTP][39m [37m<-- GET /wd/hub/session/3b1cc332-f6f2-4cbf-8c0b-175357ea666c/element/00000000-0000-036b-ffff-ffff00000024/text [39m[32m200[39m [90m27 ms - 64[39m
[35m[HTTP][39m [90m[39m
[35m[HTTP][39m [37m-->[39m [37mGET[39m [37m/wd/hub/session/3b1cc332-f6f2-4cbf-8c0b-175357ea666c/source[39m
[35m[HTTP][39m [90m{}[39m
[35m[W3C (3b1cc332)][39m Driver proxy active, passing request on via HTTP proxy
[35m[WD Proxy][39m Replacing sessionId 45991f0c-442f-4ac5-8d19-03c311fb1932 with 3b1cc332-f6f2-4cbf-8c0b-175357ea666c
[35m[HTTP][39m [37m<-- GET /wd/hub/session/3b1cc332-f6f2-4cbf-8c0b-175357ea666c/source [39m[32m200[39m [90m257 ms - 19995[39m
[35m[HTTP][39m [90m[39m
[35m[HTTP][39m [37m-->[39m [37mGET[39m [37m/wd/hub/session/3b1cc332-f6f2-4cbf-8c0b-175357ea666c/screenshot[39m
[35m[HTTP][39m [90m{}[39m
[35m[HTTP][39m [37m<-- GET /wd/hub/session/3b1cc332-f6f2-4cbf-8c0b-175357ea666c/screenshot [39m[32m200[39m [90m985 ms - 135244[39m
[35m[HTTP][39m [90m[39m
[35m[BaseDriver][39m Shutting down because we waited 1800 seconds for a command
[35m[Appium][39m Closing session, cause was 'New Command Timeout of 1800 seconds expired. Try customizing the timeout using the 'newCommandTimeout' desired capability'
[35m[Appium][39m Removing session '3b1cc332-f6f2-4cbf-8c0b-175357ea666c' from our master session list
[35m[UiAutomator2][39m Did not get confirmation UiAutomator2 deleteSession worked; Error was: UnknownError: An unknown server-side error occurred while processing the command. Original error: 'DELETE /' cannot be proxied to UiAutomator2 server because the instrumentation process is not running (probably crashed). Check the server log and/or the logcat output for more details
[35m[UiAutomator2][39m Unable to remove system port forward: Error executing adbExec. Original error: 'Command '/Users/sarker/.katalon/tools/android_sdk/platform-tools/adb -P 5037 -s KRYTEU85DMMNKBVK forward --remove tcp\:8292' exited with code 1'; Stderr: 'adb: error: listener 'tcp:8292' not found'; Code: '1'
[35m[UiAutomator2][39m Restoring hidden api policy to the device default configuration
