[35m[Appium][39m Welcome to Appium v1.22.0
[35m[Appium][39m Non-default server args:
[35m[Appium][39m   port: 64224
[35m[Appium][39m   loglevel: info
[35m[Appium][39m   tmpDir: /var/folders/rg/17jwk7ks20x11mxww1qzvr7r0000gn/T//Katalon/Appium/Temp1692482264329
[35m[Appium][39m   chromedriverPort: 64225
[35m[Appium][39m Deprecated server args:
[35m[Appium][39m   [31m--chromedriver-port[39m => --default-capabilities
[35m[Appium][39m Default capabilities, which will be added to each request unless overridden by desired capabilities:
[35m[Appium][39m   chromedriverPort: 64225
[35m[Appium][39m Appium REST http interface listener started on 0.0.0.0:64224
[35m[HTTP][39m [37m-->[39m [37mGET[39m [37m/wd/hub/status[39m
[35m[HTTP][39m [90m{}[39m
[35m[HTTP][39m [37m<-- GET /wd/hub/status [39m[32m200[39m [90m7 ms - 68[39m
[35m[HTTP][39m [90m[39m
[35m[HTTP][39m [37m-->[39m [37mPOST[39m [37m/wd/hub/session[39m
[35m[HTTP][39m [90m{"desiredCapabilities":{"appActivity":".Settings","appPackage":"com.android.settings","newCommandTimeout":1800,"platformVersion":"13","automationName":"uiautomator2","autoGrantPermissions":true,"platformName":"Android","udid":"KRYTEU85DMMNKBVK","deviceName":"OnePlus CPH2469 (Android 13)","platform":"ANDROID","systemPort":8207},"capabilities":{"firstMatch":[{"appium:appActivity":".Settings","appium:appPackage":"com.android.settings","appium:autoGrantPermissions":true,"appium:automationName":"uiautomator2","appium:deviceName":"OnePlus CPH2469 (Android 13)","appium:newCommandTimeout":1800,"platform":"ANDROID","platformName":"android","appium:platformVersion":"13","appium:systemPort":8207,"appium:udid":"KRYTEU85DMMNKBVK"}]}}[39m
[35m[BaseDriver][39m The following capabilities are not standard capabilities and should have an extension prefix:
[35m[BaseDriver][39m   platform
[35m[BaseDriver][39m   chromedriverPort
[35m[Appium][39m Appium v1.22.0 creating new AndroidUiautomator2Driver (v1.69.0) session
[35m[BaseDriver][39m The following capabilities were provided, but are not recognized by Appium:
[35m[BaseDriver][39m   platform
[35m[BaseDriver][39m Session created with session id: b28f9848-18a4-4eac-9e85-20de35c468ec
[35m[UiAutomator2][39m Starting 'com.android.settings' directly on the device
[35m[ADB][39m Found 1 'build-tools' folders under '/Users/sarker/.katalon/tools/android_sdk' (newest first):
[35m[ADB][39m     /Users/sarker/.katalon/tools/android_sdk/build-tools/29.0.3
[35m[ADB][39m Using 'adb' from '/Users/sarker/.katalon/tools/android_sdk/platform-tools/adb'
[35m[AndroidDriver][39m Retrieving device list
[35m[AndroidDriver][39m Using device: KRYTEU85DMMNKBVK
[35m[ADB][39m Using 'adb' from '/Users/sarker/.katalon/tools/android_sdk/platform-tools/adb'
[35m[ADB][39m Getting device platform version
[35m[UiAutomator2][39m Relaxing hidden api policy
[35m[AndroidDriver][39m No app sent in, not parsing package/activity
[35m[UiAutomator2][39m Server package at '/usr/local/lib/node_modules/appium/node_modules/appium-uiautomator2-server/apks/appium-uiautomator2-server-v4.24.0.apk' is not writeable. Will copy it into the temporary location at '/var/folders/rg/17jwk7ks20x11mxww1qzvr7r0000gn/T/Katalon/Appium/Temp1692482264329/2023720-6914-wijhir.0ki9' as a workaround. Consider making this file writeable manually in order to improve the performance of session startup.
[35m[UiAutomator2][39m Server package at '/usr/local/lib/node_modules/appium/node_modules/appium-uiautomator2-server/apks/appium-uiautomator2-server-debug-androidTest.apk' is not writeable. Will copy it into the temporary location at '/var/folders/rg/17jwk7ks20x11mxww1qzvr7r0000gn/T/Katalon/Appium/Temp1692482264329/2023720-6914-wijhir.0ki9' as a workaround. Consider making this file writeable manually in order to improve the performance of session startup.
[35m[ADB][39m Using 'apksigner.jar' from '/Users/sarker/.katalon/tools/android_sdk/build-tools/29.0.3/lib/apksigner.jar'
[35m[ADB][39m '/var/folders/rg/17jwk7ks20x11mxww1qzvr7r0000gn/T/Katalon/Appium/Temp1692482264329/2023720-6914-wijhir.0ki9/appium-uiautomator2-server-v4.24.0.apk' is signed with the default certificate
[35m[ADB][39m '/var/folders/rg/17jwk7ks20x11mxww1qzvr7r0000gn/T/Katalon/Appium/Temp1692482264329/2023720-6914-wijhir.0ki9/appium-uiautomator2-server-debug-androidTest.apk' is signed with the default certificate
[35m[UiAutomator2][39m Server packages are not going to be (re)installed
[35m[ADB][39m Adding packages ["io.appium.settings","io.appium.uiautomator2.server","io.appium.uiautomator2.server.test"] to Doze whitelist
[35m[UiAutomator2][39m Starting UIAutomator2 server 4.24.0
[35m[UiAutomator2][39m Using UIAutomator2 server from '/usr/local/lib/node_modules/appium/node_modules/appium-uiautomator2-server/apks/appium-uiautomator2-server-v4.24.0.apk' and test from '/usr/local/lib/node_modules/appium/node_modules/appium-uiautomator2-server/apks/appium-uiautomator2-server-debug-androidTest.apk'
[35m[UiAutomator2][39m Waiting up to 30000ms for UiAutomator2 to be online...
[35m[WD Proxy][39m socket hang up
[35m[WD Proxy][39m socket hang up
[35m[WD Proxy][39m socket hang up
[35m[WD Proxy][39m socket hang up
[35m[WD Proxy][39m Determined the downstream protocol as 'W3C'
[35m[AndroidDriver][39m Screen already unlocked, doing nothing
[35m[UiAutomator2][39m Starting 'com.android.settings/.Settings and waiting for 'com.android.settings/.Settings'
[35m[Appium][39m New AndroidUiautomator2Driver session created successfully, session b28f9848-18a4-4eac-9e85-20de35c468ec added to master session list
[35m[HTTP][39m [37m<-- POST /wd/hub/session [39m[32m200[39m [90m12104 ms - 1172[39m
[35m[HTTP][39m [90m[39m
[35m[HTTP][39m [37m-->[39m [37mGET[39m [37m/wd/hub/session/b28f9848-18a4-4eac-9e85-20de35c468ec[39m
[35m[HTTP][39m [90m{}[39m
[35m[HTTP][39m [37m<-- GET /wd/hub/session/b28f9848-18a4-4eac-9e85-20de35c468ec [39m[32m200[39m [90m14 ms - 1126[39m
[35m[HTTP][39m [90m[39m
[35m[HTTP][39m [37m-->[39m [37mGET[39m [37m/wd/hub/session/b28f9848-18a4-4eac-9e85-20de35c468ec[39m
[35m[HTTP][39m [90m{}[39m
[35m[HTTP][39m [37m<-- GET /wd/hub/session/b28f9848-18a4-4eac-9e85-20de35c468ec [39m[32m200[39m [90m14 ms - 1126[39m
[35m[HTTP][39m [90m[39m
[35m[HTTP][39m [37m-->[39m [37mGET[39m [37m/wd/hub/status[39m
[35m[HTTP][39m [90m{}[39m
[35m[HTTP][39m [37m<-- GET /wd/hub/status [39m[32m200[39m [90m1 ms - 68[39m
[35m[HTTP][39m [90m[39m
[35m[HTTP][39m [37m-->[39m [37mPOST[39m [37m/wd/hub/session/b28f9848-18a4-4eac-9e85-20de35c468ec/timeouts[39m
[35m[HTTP][39m [90m{"implicit":30000}[39m
[35m[HTTP][39m [37m<-- POST /wd/hub/session/b28f9848-18a4-4eac-9e85-20de35c468ec/timeouts [39m[32m200[39m [90m3 ms - 14[39m
[35m[HTTP][39m [90m[39m
[35m[HTTP][39m [37m-->[39m [37mGET[39m [37m/wd/hub/session/b28f9848-18a4-4eac-9e85-20de35c468ec/screenshot[39m
[35m[HTTP][39m [90m{}[39m
[35m[HTTP][39m [37m<-- GET /wd/hub/session/b28f9848-18a4-4eac-9e85-20de35c468ec/screenshot [39m[32m200[39m [90m718 ms - 150052[39m
[35m[HTTP][39m [90m[39m
[35m[HTTP][39m [37m-->[39m [37mGET[39m [37m/wd/hub/session/b28f9848-18a4-4eac-9e85-20de35c468ec/window/rect[39m
[35m[HTTP][39m [90m{}[39m
[35m[HTTP][39m [37m<-- GET /wd/hub/session/b28f9848-18a4-4eac-9e85-20de35c468ec/window/rect [39m[32m200[39m [90m24 ms - 49[39m
[35m[HTTP][39m [90m[39m
[35m[HTTP][39m [37m-->[39m [37mGET[39m [37m/wd/hub/session/b28f9848-18a4-4eac-9e85-20de35c468ec/appium/device/system_bars[39m
[35m[HTTP][39m [90m{}[39m
[35m[HTTP][39m [37m<-- GET /wd/hub/session/b28f9848-18a4-4eac-9e85-20de35c468ec/appium/device/system_bars [39m[32m200[39m [90m141 ms - 145[39m
[35m[HTTP][39m [90m[39m
[35m[HTTP][39m [37m-->[39m [37mPOST[39m [37m/wd/hub/session/b28f9848-18a4-4eac-9e85-20de35c468ec/appium/device/activate_app[39m
[35m[HTTP][39m [90m{"bundleId":"com.google.android.calculator"}[39m
[35m[HTTP][39m [37m<-- POST /wd/hub/session/b28f9848-18a4-4eac-9e85-20de35c468ec/appium/device/activate_app [39m[32m200[39m [90m1072 ms - 14[39m
[35m[HTTP][39m [90m[39m
[35m[HTTP][39m [37m-->[39m [37mPOST[39m [37m/wd/hub/session/b28f9848-18a4-4eac-9e85-20de35c468ec/timeouts[39m
[35m[HTTP][39m [90m{"implicit":50}[39m
[35m[HTTP][39m [37m<-- POST /wd/hub/session/b28f9848-18a4-4eac-9e85-20de35c468ec/timeouts [39m[32m200[39m [90m3 ms - 14[39m
[35m[HTTP][39m [90m[39m
[35m[HTTP][39m [37m-->[39m [37mGET[39m [37m/wd/hub/session/b28f9848-18a4-4eac-9e85-20de35c468ec/window/rect[39m
[35m[HTTP][39m [90m{}[39m
[35m[HTTP][39m [37m<-- GET /wd/hub/session/b28f9848-18a4-4eac-9e85-20de35c468ec/window/rect [39m[32m200[39m [90m22 ms - 49[39m
[35m[HTTP][39m [90m[39m
[35m[HTTP][39m [37m-->[39m [37mPOST[39m [37m/wd/hub/session/b28f9848-18a4-4eac-9e85-20de35c468ec/elements[39m
[35m[HTTP][39m [90m{"using":"xpath","value":"//*[@class = 'android.widget.ImageButton' and @resource-id = 'com.google.android.calculator:id/clr']"}[39m
[35m[HTTP][39m [37m<-- POST /wd/hub/session/b28f9848-18a4-4eac-9e85-20de35c468ec/elements [39m[32m200[39m [90m1242 ms - 139[39m
[35m[HTTP][39m [90m[39m
[35m[HTTP][39m [37m-->[39m [37mGET[39m [37m/wd/hub/session/b28f9848-18a4-4eac-9e85-20de35c468ec/element/00000000-0000-04bc-ffff-ffff00000055/location[39m
[35m[HTTP][39m [90m{}[39m
[35m[W3C (b28f9848)][39m Driver proxy active, passing request on via HTTP proxy
[35m[WD Proxy][39m Replacing sessionId 9a8b7f3c-c5af-431c-9dd5-56521a0c8a1e with b28f9848-18a4-4eac-9e85-20de35c468ec
[35m[HTTP][39m [37m<-- GET /wd/hub/session/b28f9848-18a4-4eac-9e85-20de35c468ec/element/00000000-0000-04bc-ffff-ffff00000055/location [39m[32m200[39m [90m727 ms - 77[39m
[35m[HTTP][39m [90m[39m
[35m[HTTP][39m [37m-->[39m [37mPOST[39m [37m/wd/hub/session/b28f9848-18a4-4eac-9e85-20de35c468ec/timeouts[39m
[35m[HTTP][39m [90m{"implicit":30000}[39m
[35m[HTTP][39m [37m<-- POST /wd/hub/session/b28f9848-18a4-4eac-9e85-20de35c468ec/timeouts [39m[32m200[39m [90m2 ms - 14[39m
[35m[HTTP][39m [90m[39m
[35m[HTTP][39m [37m-->[39m [37mPOST[39m [37m/wd/hub/session/b28f9848-18a4-4eac-9e85-20de35c468ec/element/00000000-0000-04bc-ffff-ffff00000055/click[39m
[35m[HTTP][39m [90m{"id":"00000000-0000-04bc-ffff-ffff00000055"}[39m
[35m[HTTP][39m [37m<-- POST /wd/hub/session/b28f9848-18a4-4eac-9e85-20de35c468ec/element/00000000-0000-04bc-ffff-ffff00000055/click [39m[32m200[39m [90m988 ms - 14[39m
[35m[HTTP][39m [90m[39m
[35m[HTTP][39m [37m-->[39m [37mPOST[39m [37m/wd/hub/session/b28f9848-18a4-4eac-9e85-20de35c468ec/timeouts[39m
[35m[HTTP][39m [90m{"implicit":50}[39m
[35m[HTTP][39m [37m<-- POST /wd/hub/session/b28f9848-18a4-4eac-9e85-20de35c468ec/timeouts [39m[32m200[39m [90m2 ms - 14[39m
[35m[HTTP][39m [90m[39m
[35m[HTTP][39m [37m-->[39m [37mGET[39m [37m/wd/hub/session/b28f9848-18a4-4eac-9e85-20de35c468ec/window/rect[39m
[35m[HTTP][39m [90m{}[39m
[35m[HTTP][39m [37m<-- GET /wd/hub/session/b28f9848-18a4-4eac-9e85-20de35c468ec/window/rect [39m[32m200[39m [90m29 ms - 49[39m
[35m[HTTP][39m [90m[39m
[35m[HTTP][39m [37m-->[39m [37mPOST[39m [37m/wd/hub/session/b28f9848-18a4-4eac-9e85-20de35c468ec/elements[39m
[35m[HTTP][39m [90m{"using":"xpath","value":"//*[@class = 'android.widget.ImageButton' and @resource-id = 'com.google.android.calculator:id/digit_2']"}[39m
[35m[HTTP][39m [37m<-- POST /wd/hub/session/b28f9848-18a4-4eac-9e85-20de35c468ec/elements [39m[32m200[39m [90m239 ms - 139[39m
[35m[HTTP][39m [90m[39m
[35m[HTTP][39m [37m-->[39m [37mGET[39m [37m/wd/hub/session/b28f9848-18a4-4eac-9e85-20de35c468ec/element/00000000-0000-04bc-ffff-ffff00000062/location[39m
[35m[HTTP][39m [90m{}[39m
[35m[W3C (b28f9848)][39m Driver proxy active, passing request on via HTTP proxy
[35m[WD Proxy][39m Replacing sessionId 9a8b7f3c-c5af-431c-9dd5-56521a0c8a1e with b28f9848-18a4-4eac-9e85-20de35c468ec
[35m[HTTP][39m [37m<-- GET /wd/hub/session/b28f9848-18a4-4eac-9e85-20de35c468ec/element/00000000-0000-04bc-ffff-ffff00000062/location [39m[32m200[39m [90m27 ms - 79[39m
[35m[HTTP][39m [90m[39m
[35m[HTTP][39m [37m-->[39m [37mPOST[39m [37m/wd/hub/session/b28f9848-18a4-4eac-9e85-20de35c468ec/timeouts[39m
[35m[HTTP][39m [90m{"implicit":30000}[39m
[35m[HTTP][39m [37m<-- POST /wd/hub/session/b28f9848-18a4-4eac-9e85-20de35c468ec/timeouts [39m[32m200[39m [90m1 ms - 14[39m
[35m[HTTP][39m [90m[39m
[35m[HTTP][39m [37m-->[39m [37mPOST[39m [37m/wd/hub/session/b28f9848-18a4-4eac-9e85-20de35c468ec/element/00000000-0000-04bc-ffff-ffff00000062/click[39m
[35m[HTTP][39m [90m{"id":"00000000-0000-04bc-ffff-ffff00000062"}[39m
[35m[HTTP][39m [37m<-- POST /wd/hub/session/b28f9848-18a4-4eac-9e85-20de35c468ec/element/00000000-0000-04bc-ffff-ffff00000062/click [39m[32m200[39m [90m620 ms - 14[39m
[35m[HTTP][39m [90m[39m
[35m[HTTP][39m [37m-->[39m [37mPOST[39m [37m/wd/hub/session/b28f9848-18a4-4eac-9e85-20de35c468ec/timeouts[39m
[35m[HTTP][39m [90m{"implicit":50}[39m
[35m[HTTP][39m [37m<-- POST /wd/hub/session/b28f9848-18a4-4eac-9e85-20de35c468ec/timeouts [39m[32m200[39m [90m1 ms - 14[39m
[35m[HTTP][39m [90m[39m
[35m[HTTP][39m [37m-->[39m [37mGET[39m [37m/wd/hub/session/b28f9848-18a4-4eac-9e85-20de35c468ec/window/rect[39m
[35m[HTTP][39m [90m{}[39m
[35m[HTTP][39m [37m<-- GET /wd/hub/session/b28f9848-18a4-4eac-9e85-20de35c468ec/window/rect [39m[32m200[39m [90m13 ms - 49[39m
[35m[HTTP][39m [90m[39m
[35m[HTTP][39m [37m-->[39m [37mPOST[39m [37m/wd/hub/session/b28f9848-18a4-4eac-9e85-20de35c468ec/elements[39m
[35m[HTTP][39m [90m{"using":"xpath","value":"//*[@class = 'android.widget.ImageButton' and @resource-id = 'com.google.android.calculator:id/dec_point']"}[39m
[35m[HTTP][39m [37m<-- POST /wd/hub/session/b28f9848-18a4-4eac-9e85-20de35c468ec/elements [39m[32m200[39m [90m238 ms - 139[39m
[35m[HTTP][39m [90m[39m
[35m[HTTP][39m [37m-->[39m [37mGET[39m [37m/wd/hub/session/b28f9848-18a4-4eac-9e85-20de35c468ec/element/00000000-0000-04bc-ffff-ffff00000066/location[39m
[35m[HTTP][39m [90m{}[39m
[35m[W3C (b28f9848)][39m Driver proxy active, passing request on via HTTP proxy
[35m[WD Proxy][39m Replacing sessionId 9a8b7f3c-c5af-431c-9dd5-56521a0c8a1e with b28f9848-18a4-4eac-9e85-20de35c468ec
[35m[HTTP][39m [37m<-- GET /wd/hub/session/b28f9848-18a4-4eac-9e85-20de35c468ec/element/00000000-0000-04bc-ffff-ffff00000066/location [39m[32m200[39m [90m26 ms - 79[39m
[35m[HTTP][39m [90m[39m
[35m[HTTP][39m [37m-->[39m [37mPOST[39m [37m/wd/hub/session/b28f9848-18a4-4eac-9e85-20de35c468ec/timeouts[39m
[35m[HTTP][39m [90m{"implicit":30000}[39m
[35m[HTTP][39m [37m<-- POST /wd/hub/session/b28f9848-18a4-4eac-9e85-20de35c468ec/timeouts [39m[32m200[39m [90m1 ms - 14[39m
[35m[HTTP][39m [90m[39m
[35m[HTTP][39m [37m-->[39m [37mPOST[39m [37m/wd/hub/session/b28f9848-18a4-4eac-9e85-20de35c468ec/element/00000000-0000-04bc-ffff-ffff00000066/click[39m
[35m[HTTP][39m [90m{"id":"00000000-0000-04bc-ffff-ffff00000066"}[39m
[35m[HTTP][39m [37m<-- POST /wd/hub/session/b28f9848-18a4-4eac-9e85-20de35c468ec/element/00000000-0000-04bc-ffff-ffff00000066/click [39m[32m200[39m [90m682 ms - 14[39m
[35m[HTTP][39m [90m[39m
[35m[HTTP][39m [37m-->[39m [37mPOST[39m [37m/wd/hub/session/b28f9848-18a4-4eac-9e85-20de35c468ec/timeouts[39m
[35m[HTTP][39m [90m{"implicit":50}[39m
[35m[HTTP][39m [37m<-- POST /wd/hub/session/b28f9848-18a4-4eac-9e85-20de35c468ec/timeouts [39m[32m200[39m [90m1 ms - 14[39m
[35m[HTTP][39m [90m[39m
[35m[HTTP][39m [37m-->[39m [37mGET[39m [37m/wd/hub/session/b28f9848-18a4-4eac-9e85-20de35c468ec/window/rect[39m
[35m[HTTP][39m [90m{}[39m
[35m[HTTP][39m [37m<-- GET /wd/hub/session/b28f9848-18a4-4eac-9e85-20de35c468ec/window/rect [39m[32m200[39m [90m19 ms - 49[39m
[35m[HTTP][39m [90m[39m
[35m[HTTP][39m [37m-->[39m [37mPOST[39m [37m/wd/hub/session/b28f9848-18a4-4eac-9e85-20de35c468ec/elements[39m
[35m[HTTP][39m [90m{"using":"xpath","value":"//*[@class = 'android.widget.ImageButton' and @resource-id = 'com.google.android.calculator:id/digit_5']"}[39m
[35m[HTTP][39m [37m<-- POST /wd/hub/session/b28f9848-18a4-4eac-9e85-20de35c468ec/elements [39m[32m200[39m [90m224 ms - 139[39m
[35m[HTTP][39m [90m[39m
[35m[HTTP][39m [37m-->[39m [37mGET[39m [37m/wd/hub/session/b28f9848-18a4-4eac-9e85-20de35c468ec/element/00000000-0000-04bc-ffff-ffff0000005e/location[39m
[35m[HTTP][39m [90m{}[39m
[35m[W3C (b28f9848)][39m Driver proxy active, passing request on via HTTP proxy
[35m[WD Proxy][39m Replacing sessionId 9a8b7f3c-c5af-431c-9dd5-56521a0c8a1e with b28f9848-18a4-4eac-9e85-20de35c468ec
[35m[HTTP][39m [37m<-- GET /wd/hub/session/b28f9848-18a4-4eac-9e85-20de35c468ec/element/00000000-0000-04bc-ffff-ffff0000005e/location [39m[32m200[39m [90m20 ms - 79[39m
[35m[HTTP][39m [90m[39m
[35m[HTTP][39m [37m-->[39m [37mPOST[39m [37m/wd/hub/session/b28f9848-18a4-4eac-9e85-20de35c468ec/timeouts[39m
[35m[HTTP][39m [90m{"implicit":30000}[39m
[35m[HTTP][39m [37m<-- POST /wd/hub/session/b28f9848-18a4-4eac-9e85-20de35c468ec/timeouts [39m[32m200[39m [90m1 ms - 14[39m
[35m[HTTP][39m [90m[39m
[35m[HTTP][39m [37m-->[39m [37mPOST[39m [37m/wd/hub/session/b28f9848-18a4-4eac-9e85-20de35c468ec/element/00000000-0000-04bc-ffff-ffff0000005e/click[39m
[35m[HTTP][39m [90m{"id":"00000000-0000-04bc-ffff-ffff0000005e"}[39m
[35m[HTTP][39m [37m<-- POST /wd/hub/session/b28f9848-18a4-4eac-9e85-20de35c468ec/element/00000000-0000-04bc-ffff-ffff0000005e/click [39m[32m200[39m [90m641 ms - 14[39m
[35m[HTTP][39m [90m[39m
[35m[HTTP][39m [37m-->[39m [37mPOST[39m [37m/wd/hub/session/b28f9848-18a4-4eac-9e85-20de35c468ec/timeouts[39m
[35m[HTTP][39m [90m{"implicit":50}[39m
[35m[HTTP][39m [37m<-- POST /wd/hub/session/b28f9848-18a4-4eac-9e85-20de35c468ec/timeouts [39m[32m200[39m [90m1 ms - 14[39m
[35m[HTTP][39m [90m[39m
[35m[HTTP][39m [37m-->[39m [37mGET[39m [37m/wd/hub/session/b28f9848-18a4-4eac-9e85-20de35c468ec/window/rect[39m
[35m[HTTP][39m [90m{}[39m
[35m[HTTP][39m [37m<-- GET /wd/hub/session/b28f9848-18a4-4eac-9e85-20de35c468ec/window/rect [39m[32m200[39m [90m11 ms - 49[39m
[35m[HTTP][39m [90m[39m
[35m[HTTP][39m [37m-->[39m [37mPOST[39m [37m/wd/hub/session/b28f9848-18a4-4eac-9e85-20de35c468ec/elements[39m
[35m[HTTP][39m [90m{"using":"xpath","value":"//*[@class = 'android.widget.ImageButton' and @resource-id = 'com.google.android.calculator:id/op_mul']"}[39m
[35m[HTTP][39m [37m<-- POST /wd/hub/session/b28f9848-18a4-4eac-9e85-20de35c468ec/elements [39m[32m200[39m [90m188 ms - 139[39m
[35m[HTTP][39m [90m[39m
[35m[HTTP][39m [37m-->[39m [37mGET[39m [37m/wd/hub/session/b28f9848-18a4-4eac-9e85-20de35c468ec/element/00000000-0000-04bc-ffff-ffff0000005c/location[39m
[35m[HTTP][39m [90m{}[39m
[35m[W3C (b28f9848)][39m Driver proxy active, passing request on via HTTP proxy
[35m[WD Proxy][39m Replacing sessionId 9a8b7f3c-c5af-431c-9dd5-56521a0c8a1e with b28f9848-18a4-4eac-9e85-20de35c468ec
[35m[HTTP][39m [37m<-- GET /wd/hub/session/b28f9848-18a4-4eac-9e85-20de35c468ec/element/00000000-0000-04bc-ffff-ffff0000005c/location [39m[32m200[39m [90m17 ms - 78[39m
[35m[HTTP][39m [90m[39m
[35m[HTTP][39m [37m-->[39m [37mPOST[39m [37m/wd/hub/session/b28f9848-18a4-4eac-9e85-20de35c468ec/timeouts[39m
[35m[HTTP][39m [90m{"implicit":30000}[39m
[35m[HTTP][39m [37m<-- POST /wd/hub/session/b28f9848-18a4-4eac-9e85-20de35c468ec/timeouts [39m[32m200[39m [90m1 ms - 14[39m
[35m[HTTP][39m [90m[39m
[35m[HTTP][39m [37m-->[39m [37mPOST[39m [37m/wd/hub/session/b28f9848-18a4-4eac-9e85-20de35c468ec/element/00000000-0000-04bc-ffff-ffff0000005c/click[39m
[35m[HTTP][39m [90m{"id":"00000000-0000-04bc-ffff-ffff0000005c"}[39m
[35m[HTTP][39m [37m<-- POST /wd/hub/session/b28f9848-18a4-4eac-9e85-20de35c468ec/element/00000000-0000-04bc-ffff-ffff0000005c/click [39m[32m200[39m [90m700 ms - 14[39m
[35m[HTTP][39m [90m[39m
[35m[HTTP][39m [37m-->[39m [37mPOST[39m [37m/wd/hub/session/b28f9848-18a4-4eac-9e85-20de35c468ec/timeouts[39m
[35m[HTTP][39m [90m{"implicit":50}[39m
[35m[HTTP][39m [37m<-- POST /wd/hub/session/b28f9848-18a4-4eac-9e85-20de35c468ec/timeouts [39m[32m200[39m [90m1 ms - 14[39m
[35m[HTTP][39m [90m[39m
[35m[HTTP][39m [37m-->[39m [37mGET[39m [37m/wd/hub/session/b28f9848-18a4-4eac-9e85-20de35c468ec/window/rect[39m
[35m[HTTP][39m [90m{}[39m
[35m[HTTP][39m [37m<-- GET /wd/hub/session/b28f9848-18a4-4eac-9e85-20de35c468ec/window/rect [39m[32m200[39m [90m15 ms - 49[39m
[35m[HTTP][39m [90m[39m
[35m[HTTP][39m [37m-->[39m [37mPOST[39m [37m/wd/hub/session/b28f9848-18a4-4eac-9e85-20de35c468ec/elements[39m
[35m[HTTP][39m [90m{"using":"xpath","value":"//*[@class = 'android.widget.ImageButton' and @resource-id = 'com.google.android.calculator:id/digit_1']"}[39m
[35m[HTTP][39m [37m<-- POST /wd/hub/session/b28f9848-18a4-4eac-9e85-20de35c468ec/elements [39m[32m200[39m [90m129 ms - 139[39m
[35m[HTTP][39m [90m[39m
[35m[HTTP][39m [37m-->[39m [37mGET[39m [37m/wd/hub/session/b28f9848-18a4-4eac-9e85-20de35c468ec/element/00000000-0000-04bc-ffff-ffff00000061/location[39m
[35m[HTTP][39m [90m{}[39m
[35m[W3C (b28f9848)][39m Driver proxy active, passing request on via HTTP proxy
[35m[WD Proxy][39m Replacing sessionId 9a8b7f3c-c5af-431c-9dd5-56521a0c8a1e with b28f9848-18a4-4eac-9e85-20de35c468ec
[35m[HTTP][39m [37m<-- GET /wd/hub/session/b28f9848-18a4-4eac-9e85-20de35c468ec/element/00000000-0000-04bc-ffff-ffff00000061/location [39m[32m200[39m [90m22 ms - 78[39m
[35m[HTTP][39m [90m[39m
[35m[HTTP][39m [37m-->[39m [37mPOST[39m [37m/wd/hub/session/b28f9848-18a4-4eac-9e85-20de35c468ec/timeouts[39m
[35m[HTTP][39m [90m{"implicit":30000}[39m
[35m[HTTP][39m [37m<-- POST /wd/hub/session/b28f9848-18a4-4eac-9e85-20de35c468ec/timeouts [39m[32m200[39m [90m1 ms - 14[39m
[35m[HTTP][39m [90m[39m
[35m[HTTP][39m [37m-->[39m [37mPOST[39m [37m/wd/hub/session/b28f9848-18a4-4eac-9e85-20de35c468ec/element/00000000-0000-04bc-ffff-ffff00000061/click[39m
[35m[HTTP][39m [90m{"id":"00000000-0000-04bc-ffff-ffff00000061"}[39m
[35m[HTTP][39m [37m<-- POST /wd/hub/session/b28f9848-18a4-4eac-9e85-20de35c468ec/element/00000000-0000-04bc-ffff-ffff00000061/click [39m[32m200[39m [90m769 ms - 14[39m
[35m[HTTP][39m [90m[39m
[35m[HTTP][39m [37m-->[39m [37mPOST[39m [37m/wd/hub/session/b28f9848-18a4-4eac-9e85-20de35c468ec/timeouts[39m
[35m[HTTP][39m [90m{"implicit":50}[39m
[35m[HTTP][39m [37m<-- POST /wd/hub/session/b28f9848-18a4-4eac-9e85-20de35c468ec/timeouts [39m[32m200[39m [90m1 ms - 14[39m
[35m[HTTP][39m [90m[39m
[35m[HTTP][39m [37m-->[39m [37mGET[39m [37m/wd/hub/session/b28f9848-18a4-4eac-9e85-20de35c468ec/window/rect[39m
[35m[HTTP][39m [90m{}[39m
[35m[HTTP][39m [37m<-- GET /wd/hub/session/b28f9848-18a4-4eac-9e85-20de35c468ec/window/rect [39m[32m200[39m [90m22 ms - 49[39m
[35m[HTTP][39m [90m[39m
[35m[HTTP][39m [37m-->[39m [37mPOST[39m [37m/wd/hub/session/b28f9848-18a4-4eac-9e85-20de35c468ec/elements[39m
[35m[HTTP][39m [90m{"using":"xpath","value":"//*[@class = 'android.widget.ImageButton' and @resource-id = 'com.google.android.calculator:id/digit_2']"}[39m
[35m[HTTP][39m [37m<-- POST /wd/hub/session/b28f9848-18a4-4eac-9e85-20de35c468ec/elements [39m[32m200[39m [90m161 ms - 139[39m
[35m[HTTP][39m [90m[39m
[35m[HTTP][39m [37m-->[39m [37mGET[39m [37m/wd/hub/session/b28f9848-18a4-4eac-9e85-20de35c468ec/element/00000000-0000-04bc-ffff-ffff00000062/location[39m
[35m[HTTP][39m [90m{}[39m
[35m[W3C (b28f9848)][39m Driver proxy active, passing request on via HTTP proxy
[35m[WD Proxy][39m Replacing sessionId 9a8b7f3c-c5af-431c-9dd5-56521a0c8a1e with b28f9848-18a4-4eac-9e85-20de35c468ec
[35m[HTTP][39m [37m<-- GET /wd/hub/session/b28f9848-18a4-4eac-9e85-20de35c468ec/element/00000000-0000-04bc-ffff-ffff00000062/location [39m[32m200[39m [90m27 ms - 79[39m
[35m[HTTP][39m [90m[39m
[35m[HTTP][39m [37m-->[39m [37mPOST[39m [37m/wd/hub/session/b28f9848-18a4-4eac-9e85-20de35c468ec/timeouts[39m
[35m[HTTP][39m [90m{"implicit":30000}[39m
[35m[HTTP][39m [37m<-- POST /wd/hub/session/b28f9848-18a4-4eac-9e85-20de35c468ec/timeouts [39m[32m200[39m [90m1 ms - 14[39m
[35m[HTTP][39m [90m[39m
[35m[HTTP][39m [37m-->[39m [37mPOST[39m [37m/wd/hub/session/b28f9848-18a4-4eac-9e85-20de35c468ec/element/00000000-0000-04bc-ffff-ffff00000062/click[39m
[35m[HTTP][39m [90m{"id":"00000000-0000-04bc-ffff-ffff00000062"}[39m
[35m[HTTP][39m [37m<-- POST /wd/hub/session/b28f9848-18a4-4eac-9e85-20de35c468ec/element/00000000-0000-04bc-ffff-ffff00000062/click [39m[32m200[39m [90m737 ms - 14[39m
[35m[HTTP][39m [90m[39m
[35m[HTTP][39m [37m-->[39m [37mPOST[39m [37m/wd/hub/session/b28f9848-18a4-4eac-9e85-20de35c468ec/timeouts[39m
[35m[HTTP][39m [90m{"implicit":50}[39m
[35m[HTTP][39m [37m<-- POST /wd/hub/session/b28f9848-18a4-4eac-9e85-20de35c468ec/timeouts [39m[32m200[39m [90m1 ms - 14[39m
[35m[HTTP][39m [90m[39m
[35m[HTTP][39m [37m-->[39m [37mGET[39m [37m/wd/hub/session/b28f9848-18a4-4eac-9e85-20de35c468ec/window/rect[39m
[35m[HTTP][39m [90m{}[39m
[35m[HTTP][39m [37m<-- GET /wd/hub/session/b28f9848-18a4-4eac-9e85-20de35c468ec/window/rect [39m[32m200[39m [90m17 ms - 49[39m
[35m[HTTP][39m [90m[39m
[35m[HTTP][39m [37m-->[39m [37mPOST[39m [37m/wd/hub/session/b28f9848-18a4-4eac-9e85-20de35c468ec/elements[39m
[35m[HTTP][39m [90m{"using":"xpath","value":"//*[@class = 'android.widget.ImageButton' and @resource-id = 'com.google.android.calculator:id/op_sub']"}[39m
[35m[HTTP][39m [37m<-- POST /wd/hub/session/b28f9848-18a4-4eac-9e85-20de35c468ec/elements [39m[32m200[39m [90m200 ms - 139[39m
[35m[HTTP][39m [90m[39m
[35m[HTTP][39m [37m-->[39m [37mGET[39m [37m/wd/hub/session/b28f9848-18a4-4eac-9e85-20de35c468ec/element/00000000-0000-04bc-ffff-ffff00000060/location[39m
[35m[HTTP][39m [90m{}[39m
[35m[W3C (b28f9848)][39m Driver proxy active, passing request on via HTTP proxy
[35m[WD Proxy][39m Replacing sessionId 9a8b7f3c-c5af-431c-9dd5-56521a0c8a1e with b28f9848-18a4-4eac-9e85-20de35c468ec
[35m[HTTP][39m [37m<-- GET /wd/hub/session/b28f9848-18a4-4eac-9e85-20de35c468ec/element/00000000-0000-04bc-ffff-ffff00000060/location [39m[32m200[39m [90m32 ms - 79[39m
[35m[HTTP][39m [90m[39m
[35m[HTTP][39m [37m-->[39m [37mPOST[39m [37m/wd/hub/session/b28f9848-18a4-4eac-9e85-20de35c468ec/timeouts[39m
[35m[HTTP][39m [90m{"implicit":30000}[39m
[35m[HTTP][39m [37m<-- POST /wd/hub/session/b28f9848-18a4-4eac-9e85-20de35c468ec/timeouts [39m[32m200[39m [90m1 ms - 14[39m
[35m[HTTP][39m [90m[39m
[35m[HTTP][39m [37m-->[39m [37mPOST[39m [37m/wd/hub/session/b28f9848-18a4-4eac-9e85-20de35c468ec/element/00000000-0000-04bc-ffff-ffff00000060/click[39m
[35m[HTTP][39m [90m{"id":"00000000-0000-04bc-ffff-ffff00000060"}[39m
[35m[HTTP][39m [37m<-- POST /wd/hub/session/b28f9848-18a4-4eac-9e85-20de35c468ec/element/00000000-0000-04bc-ffff-ffff00000060/click [39m[32m200[39m [90m686 ms - 14[39m
[35m[HTTP][39m [90m[39m
[35m[HTTP][39m [37m-->[39m [37mPOST[39m [37m/wd/hub/session/b28f9848-18a4-4eac-9e85-20de35c468ec/timeouts[39m
[35m[HTTP][39m [90m{"implicit":50}[39m
[35m[HTTP][39m [37m<-- POST /wd/hub/session/b28f9848-18a4-4eac-9e85-20de35c468ec/timeouts [39m[32m200[39m [90m1 ms - 14[39m
[35m[HTTP][39m [90m[39m
[35m[HTTP][39m [37m-->[39m [37mGET[39m [37m/wd/hub/session/b28f9848-18a4-4eac-9e85-20de35c468ec/window/rect[39m
[35m[HTTP][39m [90m{}[39m
[35m[HTTP][39m [37m<-- GET /wd/hub/session/b28f9848-18a4-4eac-9e85-20de35c468ec/window/rect [39m[32m200[39m [90m25 ms - 49[39m
[35m[HTTP][39m [90m[39m
[35m[HTTP][39m [37m-->[39m [37mPOST[39m [37m/wd/hub/session/b28f9848-18a4-4eac-9e85-20de35c468ec/elements[39m
[35m[HTTP][39m [90m{"using":"xpath","value":"//*[@class = 'android.widget.ImageButton' and @resource-id = 'com.google.android.calculator:id/digit_2']"}[39m
[35m[HTTP][39m [37m<-- POST /wd/hub/session/b28f9848-18a4-4eac-9e85-20de35c468ec/elements [39m[32m200[39m [90m231 ms - 139[39m
[35m[HTTP][39m [90m[39m
[35m[HTTP][39m [37m-->[39m [37mGET[39m [37m/wd/hub/session/b28f9848-18a4-4eac-9e85-20de35c468ec/element/00000000-0000-04bc-ffff-ffff00000062/location[39m
[35m[HTTP][39m [90m{}[39m
[35m[W3C (b28f9848)][39m Driver proxy active, passing request on via HTTP proxy
[35m[WD Proxy][39m Replacing sessionId 9a8b7f3c-c5af-431c-9dd5-56521a0c8a1e with b28f9848-18a4-4eac-9e85-20de35c468ec
[35m[HTTP][39m [37m<-- GET /wd/hub/session/b28f9848-18a4-4eac-9e85-20de35c468ec/element/00000000-0000-04bc-ffff-ffff00000062/location [39m[32m200[39m [90m34 ms - 79[39m
[35m[HTTP][39m [90m[39m
[35m[HTTP][39m [37m-->[39m [37mPOST[39m [37m/wd/hub/session/b28f9848-18a4-4eac-9e85-20de35c468ec/timeouts[39m
[35m[HTTP][39m [90m{"implicit":30000}[39m
[35m[HTTP][39m [37m<-- POST /wd/hub/session/b28f9848-18a4-4eac-9e85-20de35c468ec/timeouts [39m[32m200[39m [90m1 ms - 14[39m
[35m[HTTP][39m [90m[39m
[35m[HTTP][39m [37m-->[39m [37mPOST[39m [37m/wd/hub/session/b28f9848-18a4-4eac-9e85-20de35c468ec/element/00000000-0000-04bc-ffff-ffff00000062/click[39m
[35m[HTTP][39m [90m{"id":"00000000-0000-04bc-ffff-ffff00000062"}[39m
[35m[HTTP][39m [37m<-- POST /wd/hub/session/b28f9848-18a4-4eac-9e85-20de35c468ec/element/00000000-0000-04bc-ffff-ffff00000062/click [39m[32m200[39m [90m691 ms - 14[39m
[35m[HTTP][39m [90m[39m
[35m[HTTP][39m [37m-->[39m [37mPOST[39m [37m/wd/hub/session/b28f9848-18a4-4eac-9e85-20de35c468ec/timeouts[39m
[35m[HTTP][39m [90m{"implicit":50}[39m
[35m[HTTP][39m [37m<-- POST /wd/hub/session/b28f9848-18a4-4eac-9e85-20de35c468ec/timeouts [39m[32m200[39m [90m1 ms - 14[39m
[35m[HTTP][39m [90m[39m
[35m[HTTP][39m [37m-->[39m [37mGET[39m [37m/wd/hub/session/b28f9848-18a4-4eac-9e85-20de35c468ec/window/rect[39m
[35m[HTTP][39m [90m{}[39m
[35m[HTTP][39m [37m<-- GET /wd/hub/session/b28f9848-18a4-4eac-9e85-20de35c468ec/window/rect [39m[32m200[39m [90m31 ms - 49[39m
[35m[HTTP][39m [90m[39m
[35m[HTTP][39m [37m-->[39m [37mPOST[39m [37m/wd/hub/session/b28f9848-18a4-4eac-9e85-20de35c468ec/elements[39m
[35m[HTTP][39m [90m{"using":"xpath","value":"//*[@class = 'android.widget.ImageButton' and @resource-id = 'com.google.android.calculator:id/digit_9']"}[39m
[35m[HTTP][39m [37m<-- POST /wd/hub/session/b28f9848-18a4-4eac-9e85-20de35c468ec/elements [39m[32m200[39m [90m224 ms - 139[39m
[35m[HTTP][39m [90m[39m
[35m[HTTP][39m [37m-->[39m [37mGET[39m [37m/wd/hub/session/b28f9848-18a4-4eac-9e85-20de35c468ec/element/00000000-0000-04bc-ffff-ffff0000005b/location[39m
[35m[HTTP][39m [90m{}[39m
[35m[W3C (b28f9848)][39m Driver proxy active, passing request on via HTTP proxy
[35m[WD Proxy][39m Replacing sessionId 9a8b7f3c-c5af-431c-9dd5-56521a0c8a1e with b28f9848-18a4-4eac-9e85-20de35c468ec
[35m[HTTP][39m [37m<-- GET /wd/hub/session/b28f9848-18a4-4eac-9e85-20de35c468ec/element/00000000-0000-04bc-ffff-ffff0000005b/location [39m[32m200[39m [90m29 ms - 78[39m
[35m[HTTP][39m [90m[39m
[35m[HTTP][39m [37m-->[39m [37mPOST[39m [37m/wd/hub/session/b28f9848-18a4-4eac-9e85-20de35c468ec/timeouts[39m
[35m[HTTP][39m [90m{"implicit":30000}[39m
[35m[HTTP][39m [37m<-- POST /wd/hub/session/b28f9848-18a4-4eac-9e85-20de35c468ec/timeouts [39m[32m200[39m [90m1 ms - 14[39m
[35m[HTTP][39m [90m[39m
[35m[HTTP][39m [37m-->[39m [37mPOST[39m [37m/wd/hub/session/b28f9848-18a4-4eac-9e85-20de35c468ec/element/00000000-0000-04bc-ffff-ffff0000005b/click[39m
[35m[HTTP][39m [90m{"id":"00000000-0000-04bc-ffff-ffff0000005b"}[39m
[35m[HTTP][39m [37m<-- POST /wd/hub/session/b28f9848-18a4-4eac-9e85-20de35c468ec/element/00000000-0000-04bc-ffff-ffff0000005b/click [39m[32m200[39m [90m697 ms - 14[39m
[35m[HTTP][39m [90m[39m
[35m[HTTP][39m [37m-->[39m [37mPOST[39m [37m/wd/hub/session/b28f9848-18a4-4eac-9e85-20de35c468ec/timeouts[39m
[35m[HTTP][39m [90m{"implicit":50}[39m
[35m[HTTP][39m [37m<-- POST /wd/hub/session/b28f9848-18a4-4eac-9e85-20de35c468ec/timeouts [39m[32m200[39m [90m3 ms - 14[39m
[35m[HTTP][39m [90m[39m
[35m[HTTP][39m [37m-->[39m [37mGET[39m [37m/wd/hub/session/b28f9848-18a4-4eac-9e85-20de35c468ec/window/rect[39m
[35m[HTTP][39m [90m{}[39m
[35m[HTTP][39m [37m<-- GET /wd/hub/session/b28f9848-18a4-4eac-9e85-20de35c468ec/window/rect [39m[32m200[39m [90m22 ms - 49[39m
[35m[HTTP][39m [90m[39m
[35m[HTTP][39m [37m-->[39m [37mPOST[39m [37m/wd/hub/session/b28f9848-18a4-4eac-9e85-20de35c468ec/elements[39m
[35m[HTTP][39m [90m{"using":"xpath","value":"//*[@class = 'android.widget.ImageButton' and @resource-id = 'com.google.android.calculator:id/op_add']"}[39m
[35m[HTTP][39m [37m<-- POST /wd/hub/session/b28f9848-18a4-4eac-9e85-20de35c468ec/elements [39m[32m200[39m [90m200 ms - 139[39m
[35m[HTTP][39m [90m[39m
[35m[HTTP][39m [37m-->[39m [37mGET[39m [37m/wd/hub/session/b28f9848-18a4-4eac-9e85-20de35c468ec/element/00000000-0000-04bc-ffff-ffff00000064/location[39m
[35m[HTTP][39m [90m{}[39m
[35m[W3C (b28f9848)][39m Driver proxy active, passing request on via HTTP proxy
[35m[WD Proxy][39m Replacing sessionId 9a8b7f3c-c5af-431c-9dd5-56521a0c8a1e with b28f9848-18a4-4eac-9e85-20de35c468ec
[35m[HTTP][39m [37m<-- GET /wd/hub/session/b28f9848-18a4-4eac-9e85-20de35c468ec/element/00000000-0000-04bc-ffff-ffff00000064/location [39m[32m200[39m [90m32 ms - 79[39m
[35m[HTTP][39m [90m[39m
[35m[HTTP][39m [37m-->[39m [37mPOST[39m [37m/wd/hub/session/b28f9848-18a4-4eac-9e85-20de35c468ec/timeouts[39m
[35m[HTTP][39m [90m{"implicit":30000}[39m
[35m[HTTP][39m [37m<-- POST /wd/hub/session/b28f9848-18a4-4eac-9e85-20de35c468ec/timeouts [39m[32m200[39m [90m1 ms - 14[39m
[35m[HTTP][39m [90m[39m
[35m[HTTP][39m [37m-->[39m [37mPOST[39m [37m/wd/hub/session/b28f9848-18a4-4eac-9e85-20de35c468ec/element/00000000-0000-04bc-ffff-ffff00000064/click[39m
[35m[HTTP][39m [90m{"id":"00000000-0000-04bc-ffff-ffff00000064"}[39m
[35m[HTTP][39m [37m<-- POST /wd/hub/session/b28f9848-18a4-4eac-9e85-20de35c468ec/element/00000000-0000-04bc-ffff-ffff00000064/click [39m[32m200[39m [90m627 ms - 14[39m
[35m[HTTP][39m [90m[39m
[35m[HTTP][39m [37m-->[39m [37mPOST[39m [37m/wd/hub/session/b28f9848-18a4-4eac-9e85-20de35c468ec/timeouts[39m
[35m[HTTP][39m [90m{"implicit":50}[39m
[35m[HTTP][39m [37m<-- POST /wd/hub/session/b28f9848-18a4-4eac-9e85-20de35c468ec/timeouts [39m[32m200[39m [90m1 ms - 14[39m
[35m[HTTP][39m [90m[39m
[35m[HTTP][39m [37m-->[39m [37mGET[39m [37m/wd/hub/session/b28f9848-18a4-4eac-9e85-20de35c468ec/window/rect[39m
[35m[HTTP][39m [90m{}[39m
[35m[HTTP][39m [37m<-- GET /wd/hub/session/b28f9848-18a4-4eac-9e85-20de35c468ec/window/rect [39m[32m200[39m [90m19 ms - 49[39m
[35m[HTTP][39m [90m[39m
[35m[HTTP][39m [37m-->[39m [37mPOST[39m [37m/wd/hub/session/b28f9848-18a4-4eac-9e85-20de35c468ec/elements[39m
[35m[HTTP][39m [90m{"using":"xpath","value":"//*[@class = 'android.widget.ImageButton' and @resource-id = 'com.google.android.calculator:id/digit_2']"}[39m
[35m[HTTP][39m [37m<-- POST /wd/hub/session/b28f9848-18a4-4eac-9e85-20de35c468ec/elements [39m[32m200[39m [90m286 ms - 139[39m
[35m[HTTP][39m [90m[39m
[35m[HTTP][39m [37m-->[39m [37mGET[39m [37m/wd/hub/session/b28f9848-18a4-4eac-9e85-20de35c468ec/element/00000000-0000-04bc-ffff-ffff00000062/location[39m
[35m[HTTP][39m [90m{}[39m
[35m[W3C (b28f9848)][39m Driver proxy active, passing request on via HTTP proxy
[35m[WD Proxy][39m Replacing sessionId 9a8b7f3c-c5af-431c-9dd5-56521a0c8a1e with b28f9848-18a4-4eac-9e85-20de35c468ec
[35m[HTTP][39m [37m<-- GET /wd/hub/session/b28f9848-18a4-4eac-9e85-20de35c468ec/element/00000000-0000-04bc-ffff-ffff00000062/location [39m[32m200[39m [90m29 ms - 79[39m
[35m[HTTP][39m [90m[39m
[35m[HTTP][39m [37m-->[39m [37mPOST[39m [37m/wd/hub/session/b28f9848-18a4-4eac-9e85-20de35c468ec/timeouts[39m
[35m[HTTP][39m [90m{"implicit":30000}[39m
[35m[HTTP][39m [37m<-- POST /wd/hub/session/b28f9848-18a4-4eac-9e85-20de35c468ec/timeouts [39m[32m200[39m [90m1 ms - 14[39m
[35m[HTTP][39m [90m[39m
[35m[HTTP][39m [37m-->[39m [37mPOST[39m [37m/wd/hub/session/b28f9848-18a4-4eac-9e85-20de35c468ec/element/00000000-0000-04bc-ffff-ffff00000062/click[39m
[35m[HTTP][39m [90m{"id":"00000000-0000-04bc-ffff-ffff00000062"}[39m
[35m[HTTP][39m [37m<-- POST /wd/hub/session/b28f9848-18a4-4eac-9e85-20de35c468ec/element/00000000-0000-04bc-ffff-ffff00000062/click [39m[32m200[39m [90m628 ms - 14[39m
[35m[HTTP][39m [90m[39m
[35m[HTTP][39m [37m-->[39m [37mPOST[39m [37m/wd/hub/session/b28f9848-18a4-4eac-9e85-20de35c468ec/timeouts[39m
[35m[HTTP][39m [90m{"implicit":50}[39m
[35m[HTTP][39m [37m<-- POST /wd/hub/session/b28f9848-18a4-4eac-9e85-20de35c468ec/timeouts [39m[32m200[39m [90m2 ms - 14[39m
[35m[HTTP][39m [90m[39m
[35m[HTTP][39m [37m-->[39m [37mGET[39m [37m/wd/hub/session/b28f9848-18a4-4eac-9e85-20de35c468ec/window/rect[39m
[35m[HTTP][39m [90m{}[39m
[35m[HTTP][39m [37m<-- GET /wd/hub/session/b28f9848-18a4-4eac-9e85-20de35c468ec/window/rect [39m[32m200[39m [90m24 ms - 49[39m
[35m[HTTP][39m [90m[39m
[35m[HTTP][39m [37m-->[39m [37mPOST[39m [37m/wd/hub/session/b28f9848-18a4-4eac-9e85-20de35c468ec/elements[39m
[35m[HTTP][39m [90m{"using":"xpath","value":"//*[@class = 'android.widget.ImageButton' and @resource-id = 'com.google.android.calculator:id/dec_point']"}[39m
[35m[HTTP][39m [37m<-- POST /wd/hub/session/b28f9848-18a4-4eac-9e85-20de35c468ec/elements [39m[32m200[39m [90m210 ms - 139[39m
[35m[HTTP][39m [90m[39m
[35m[HTTP][39m [37m-->[39m [37mGET[39m [37m/wd/hub/session/b28f9848-18a4-4eac-9e85-20de35c468ec/element/00000000-0000-04bc-ffff-ffff00000066/location[39m
[35m[HTTP][39m [90m{}[39m
[35m[W3C (b28f9848)][39m Driver proxy active, passing request on via HTTP proxy
[35m[WD Proxy][39m Replacing sessionId 9a8b7f3c-c5af-431c-9dd5-56521a0c8a1e with b28f9848-18a4-4eac-9e85-20de35c468ec
[35m[HTTP][39m [37m<-- GET /wd/hub/session/b28f9848-18a4-4eac-9e85-20de35c468ec/element/00000000-0000-04bc-ffff-ffff00000066/location [39m[32m200[39m [90m28 ms - 79[39m
[35m[HTTP][39m [90m[39m
[35m[HTTP][39m [37m-->[39m [37mPOST[39m [37m/wd/hub/session/b28f9848-18a4-4eac-9e85-20de35c468ec/timeouts[39m
[35m[HTTP][39m [90m{"implicit":30000}[39m
[35m[HTTP][39m [37m<-- POST /wd/hub/session/b28f9848-18a4-4eac-9e85-20de35c468ec/timeouts [39m[32m200[39m [90m1 ms - 14[39m
[35m[HTTP][39m [90m[39m
[35m[HTTP][39m [37m-->[39m [37mPOST[39m [37m/wd/hub/session/b28f9848-18a4-4eac-9e85-20de35c468ec/element/00000000-0000-04bc-ffff-ffff00000066/click[39m
[35m[HTTP][39m [90m{"id":"00000000-0000-04bc-ffff-ffff00000066"}[39m
[35m[HTTP][39m [37m<-- POST /wd/hub/session/b28f9848-18a4-4eac-9e85-20de35c468ec/element/00000000-0000-04bc-ffff-ffff00000066/click [39m[32m200[39m [90m621 ms - 14[39m
[35m[HTTP][39m [90m[39m
[35m[HTTP][39m [37m-->[39m [37mPOST[39m [37m/wd/hub/session/b28f9848-18a4-4eac-9e85-20de35c468ec/timeouts[39m
[35m[HTTP][39m [90m{"implicit":50}[39m
[35m[HTTP][39m [37m<-- POST /wd/hub/session/b28f9848-18a4-4eac-9e85-20de35c468ec/timeouts [39m[32m200[39m [90m1 ms - 14[39m
[35m[HTTP][39m [90m[39m
[35m[HTTP][39m [37m-->[39m [37mGET[39m [37m/wd/hub/session/b28f9848-18a4-4eac-9e85-20de35c468ec/window/rect[39m
[35m[HTTP][39m [90m{}[39m
[35m[HTTP][39m [37m<-- GET /wd/hub/session/b28f9848-18a4-4eac-9e85-20de35c468ec/window/rect [39m[32m200[39m [90m25 ms - 49[39m
[35m[HTTP][39m [90m[39m
[35m[HTTP][39m [37m-->[39m [37mPOST[39m [37m/wd/hub/session/b28f9848-18a4-4eac-9e85-20de35c468ec/elements[39m
[35m[HTTP][39m [90m{"using":"xpath","value":"//*[@class = 'android.widget.ImageButton' and @resource-id = 'com.google.android.calculator:id/digit_3']"}[39m
[35m[HTTP][39m [37m<-- POST /wd/hub/session/b28f9848-18a4-4eac-9e85-20de35c468ec/elements [39m[32m200[39m [90m208 ms - 139[39m
[35m[HTTP][39m [90m[39m
[35m[HTTP][39m [37m-->[39m [37mGET[39m [37m/wd/hub/session/b28f9848-18a4-4eac-9e85-20de35c468ec/element/00000000-0000-04bc-ffff-ffff00000063/location[39m
[35m[HTTP][39m [90m{}[39m
[35m[W3C (b28f9848)][39m Driver proxy active, passing request on via HTTP proxy
[35m[WD Proxy][39m Replacing sessionId 9a8b7f3c-c5af-431c-9dd5-56521a0c8a1e with b28f9848-18a4-4eac-9e85-20de35c468ec
[35m[HTTP][39m [37m<-- GET /wd/hub/session/b28f9848-18a4-4eac-9e85-20de35c468ec/element/00000000-0000-04bc-ffff-ffff00000063/location [39m[32m200[39m [90m36 ms - 79[39m
[35m[HTTP][39m [90m[39m
[35m[HTTP][39m [37m-->[39m [37mPOST[39m [37m/wd/hub/session/b28f9848-18a4-4eac-9e85-20de35c468ec/timeouts[39m
[35m[HTTP][39m [90m{"implicit":30000}[39m
[35m[HTTP][39m [37m<-- POST /wd/hub/session/b28f9848-18a4-4eac-9e85-20de35c468ec/timeouts [39m[32m200[39m [90m1 ms - 14[39m
[35m[HTTP][39m [90m[39m
[35m[HTTP][39m [37m-->[39m [37mPOST[39m [37m/wd/hub/session/b28f9848-18a4-4eac-9e85-20de35c468ec/element/00000000-0000-04bc-ffff-ffff00000063/click[39m
[35m[HTTP][39m [90m{"id":"00000000-0000-04bc-ffff-ffff00000063"}[39m
[35m[HTTP][39m [37m<-- POST /wd/hub/session/b28f9848-18a4-4eac-9e85-20de35c468ec/element/00000000-0000-04bc-ffff-ffff00000063/click [39m[32m200[39m [90m633 ms - 14[39m
[35m[HTTP][39m [90m[39m
[35m[HTTP][39m [37m-->[39m [37mPOST[39m [37m/wd/hub/session/b28f9848-18a4-4eac-9e85-20de35c468ec/timeouts[39m
[35m[HTTP][39m [90m{"implicit":50}[39m
[35m[HTTP][39m [37m<-- POST /wd/hub/session/b28f9848-18a4-4eac-9e85-20de35c468ec/timeouts [39m[32m200[39m [90m1 ms - 14[39m
[35m[HTTP][39m [90m[39m
[35m[HTTP][39m [37m-->[39m [37mGET[39m [37m/wd/hub/session/b28f9848-18a4-4eac-9e85-20de35c468ec/window/rect[39m
[35m[HTTP][39m [90m{}[39m
[35m[HTTP][39m [37m<-- GET /wd/hub/session/b28f9848-18a4-4eac-9e85-20de35c468ec/window/rect [39m[32m200[39m [90m18 ms - 49[39m
[35m[HTTP][39m [90m[39m
[35m[HTTP][39m [37m-->[39m [37mPOST[39m [37m/wd/hub/session/b28f9848-18a4-4eac-9e85-20de35c468ec/elements[39m
[35m[HTTP][39m [90m{"using":"xpath","value":"//*[@class = 'android.widget.TextView' and @resource-id = 'com.google.android.calculator:id/result_preview']"}[39m
[35m[HTTP][39m [37m<-- POST /wd/hub/session/b28f9848-18a4-4eac-9e85-20de35c468ec/elements [39m[32m200[39m [90m201 ms - 139[39m
[35m[HTTP][39m [90m[39m
[35m[HTTP][39m [37m-->[39m [37mGET[39m [37m/wd/hub/session/b28f9848-18a4-4eac-9e85-20de35c468ec/element/00000000-0000-04bc-ffff-ffff00000024/location[39m
[35m[HTTP][39m [90m{}[39m
[35m[W3C (b28f9848)][39m Driver proxy active, passing request on via HTTP proxy
[35m[WD Proxy][39m Replacing sessionId 9a8b7f3c-c5af-431c-9dd5-56521a0c8a1e with b28f9848-18a4-4eac-9e85-20de35c468ec
[35m[HTTP][39m [37m<-- GET /wd/hub/session/b28f9848-18a4-4eac-9e85-20de35c468ec/element/00000000-0000-04bc-ffff-ffff00000024/location [39m[32m200[39m [90m28 ms - 76[39m
[35m[HTTP][39m [90m[39m
[35m[HTTP][39m [37m-->[39m [37mPOST[39m [37m/wd/hub/session/b28f9848-18a4-4eac-9e85-20de35c468ec/timeouts[39m
[35m[HTTP][39m [90m{"implicit":30000}[39m
[35m[HTTP][39m [37m<-- POST /wd/hub/session/b28f9848-18a4-4eac-9e85-20de35c468ec/timeouts [39m[32m200[39m [90m1 ms - 14[39m
[35m[HTTP][39m [90m[39m
[35m[HTTP][39m [37m-->[39m [37mGET[39m [37m/wd/hub/session/b28f9848-18a4-4eac-9e85-20de35c468ec/element/00000000-0000-04bc-ffff-ffff00000024/text[39m
[35m[HTTP][39m [90m{}[39m
[35m[W3C (b28f9848)][39m Driver proxy active, passing request on via HTTP proxy
[35m[WD Proxy][39m Replacing sessionId 9a8b7f3c-c5af-431c-9dd5-56521a0c8a1e with b28f9848-18a4-4eac-9e85-20de35c468ec
[35m[HTTP][39m [37m<-- GET /wd/hub/session/b28f9848-18a4-4eac-9e85-20de35c468ec/element/00000000-0000-04bc-ffff-ffff00000024/text [39m[32m200[39m [90m23 ms - 66[39m
[35m[HTTP][39m [90m[39m
[35m[HTTP][39m [37m-->[39m [37mPOST[39m [37m/wd/hub/session/b28f9848-18a4-4eac-9e85-20de35c468ec/timeouts[39m
[35m[HTTP][39m [90m{"implicit":50}[39m
[35m[HTTP][39m [37m<-- POST /wd/hub/session/b28f9848-18a4-4eac-9e85-20de35c468ec/timeouts [39m[32m200[39m [90m1 ms - 14[39m
[35m[HTTP][39m [90m[39m
[35m[HTTP][39m [37m-->[39m [37mGET[39m [37m/wd/hub/session/b28f9848-18a4-4eac-9e85-20de35c468ec/window/rect[39m
[35m[HTTP][39m [90m{}[39m
[35m[HTTP][39m [37m<-- GET /wd/hub/session/b28f9848-18a4-4eac-9e85-20de35c468ec/window/rect [39m[32m200[39m [90m17 ms - 49[39m
[35m[HTTP][39m [90m[39m
[35m[HTTP][39m [37m-->[39m [37mPOST[39m [37m/wd/hub/session/b28f9848-18a4-4eac-9e85-20de35c468ec/elements[39m
[35m[HTTP][39m [90m{"using":"xpath","value":"//*[@class = 'android.widget.ImageButton' and @resource-id = 'com.google.android.calculator:id/eq']"}[39m
[35m[HTTP][39m [37m<-- POST /wd/hub/session/b28f9848-18a4-4eac-9e85-20de35c468ec/elements [39m[32m200[39m [90m244 ms - 139[39m
[35m[HTTP][39m [90m[39m
[35m[HTTP][39m [37m-->[39m [37mGET[39m [37m/wd/hub/session/b28f9848-18a4-4eac-9e85-20de35c468ec/element/00000000-0000-04bc-ffff-ffff00000068/location[39m
[35m[HTTP][39m [90m{}[39m
[35m[W3C (b28f9848)][39m Driver proxy active, passing request on via HTTP proxy
[35m[WD Proxy][39m Replacing sessionId 9a8b7f3c-c5af-431c-9dd5-56521a0c8a1e with b28f9848-18a4-4eac-9e85-20de35c468ec
[35m[HTTP][39m [37m<-- GET /wd/hub/session/b28f9848-18a4-4eac-9e85-20de35c468ec/element/00000000-0000-04bc-ffff-ffff00000068/location [39m[32m200[39m [90m355 ms - 79[39m
[35m[HTTP][39m [90m[39m
[35m[HTTP][39m [37m-->[39m [37mPOST[39m [37m/wd/hub/session/b28f9848-18a4-4eac-9e85-20de35c468ec/timeouts[39m
[35m[HTTP][39m [90m{"implicit":30000}[39m
[35m[HTTP][39m [37m<-- POST /wd/hub/session/b28f9848-18a4-4eac-9e85-20de35c468ec/timeouts [39m[32m200[39m [90m1 ms - 14[39m
[35m[HTTP][39m [90m[39m
[35m[HTTP][39m [37m-->[39m [37mPOST[39m [37m/wd/hub/session/b28f9848-18a4-4eac-9e85-20de35c468ec/element/00000000-0000-04bc-ffff-ffff00000068/click[39m
[35m[HTTP][39m [90m{"id":"00000000-0000-04bc-ffff-ffff00000068"}[39m
[35m[HTTP][39m [37m<-- POST /wd/hub/session/b28f9848-18a4-4eac-9e85-20de35c468ec/element/00000000-0000-04bc-ffff-ffff00000068/click [39m[32m200[39m [90m1108 ms - 14[39m
[35m[HTTP][39m [90m[39m
[35m[HTTP][39m [37m-->[39m [37mPOST[39m [37m/wd/hub/session/b28f9848-18a4-4eac-9e85-20de35c468ec/timeouts[39m
[35m[HTTP][39m [90m{"implicit":50}[39m
[35m[HTTP][39m [37m<-- POST /wd/hub/session/b28f9848-18a4-4eac-9e85-20de35c468ec/timeouts [39m[32m200[39m [90m1 ms - 14[39m
[35m[HTTP][39m [90m[39m
[35m[HTTP][39m [37m-->[39m [37mGET[39m [37m/wd/hub/session/b28f9848-18a4-4eac-9e85-20de35c468ec/window/rect[39m
[35m[HTTP][39m [90m{}[39m
[35m[HTTP][39m [37m<-- GET /wd/hub/session/b28f9848-18a4-4eac-9e85-20de35c468ec/window/rect [39m[32m200[39m [90m35 ms - 49[39m
[35m[HTTP][39m [90m[39m
[35m[HTTP][39m [37m-->[39m [37mPOST[39m [37m/wd/hub/session/b28f9848-18a4-4eac-9e85-20de35c468ec/elements[39m
[35m[HTTP][39m [90m{"using":"xpath","value":"//*[@class = 'android.widget.TextView' and @resource-id = 'com.google.android.calculator:id/result_final']"}[39m
[35m[HTTP][39m [37m<-- POST /wd/hub/session/b28f9848-18a4-4eac-9e85-20de35c468ec/elements [39m[32m200[39m [90m182 ms - 139[39m
[35m[HTTP][39m [90m[39m
[35m[HTTP][39m [37m-->[39m [37mGET[39m [37m/wd/hub/session/b28f9848-18a4-4eac-9e85-20de35c468ec/element/00000000-0000-04bc-ffff-ffff00000021/location[39m
[35m[HTTP][39m [90m{}[39m
[35m[W3C (b28f9848)][39m Driver proxy active, passing request on via HTTP proxy
[35m[WD Proxy][39m Replacing sessionId 9a8b7f3c-c5af-431c-9dd5-56521a0c8a1e with b28f9848-18a4-4eac-9e85-20de35c468ec
[35m[HTTP][39m [37m<-- GET /wd/hub/session/b28f9848-18a4-4eac-9e85-20de35c468ec/element/00000000-0000-04bc-ffff-ffff00000021/location [39m[32m200[39m [90m27 ms - 76[39m
[35m[HTTP][39m [90m[39m
[35m[HTTP][39m [37m-->[39m [37mPOST[39m [37m/wd/hub/session/b28f9848-18a4-4eac-9e85-20de35c468ec/timeouts[39m
[35m[HTTP][39m [90m{"implicit":30000}[39m
[35m[HTTP][39m [37m<-- POST /wd/hub/session/b28f9848-18a4-4eac-9e85-20de35c468ec/timeouts [39m[32m200[39m [90m1 ms - 14[39m
[35m[HTTP][39m [90m[39m
[35m[HTTP][39m [37m-->[39m [37mGET[39m [37m/wd/hub/session/b28f9848-18a4-4eac-9e85-20de35c468ec/element/00000000-0000-04bc-ffff-ffff00000021/text[39m
[35m[HTTP][39m [90m{}[39m
[35m[W3C (b28f9848)][39m Driver proxy active, passing request on via HTTP proxy
[35m[WD Proxy][39m Replacing sessionId 9a8b7f3c-c5af-431c-9dd5-56521a0c8a1e with b28f9848-18a4-4eac-9e85-20de35c468ec
[35m[HTTP][39m [37m<-- GET /wd/hub/session/b28f9848-18a4-4eac-9e85-20de35c468ec/element/00000000-0000-04bc-ffff-ffff00000021/text [39m[32m200[39m [90m23 ms - 66[39m
[35m[HTTP][39m [90m[39m
[35m[HTTP][39m [37m-->[39m [37mDELETE[39m [37m/wd/hub/session/b28f9848-18a4-4eac-9e85-20de35c468ec[39m
[35m[HTTP][39m [90m{}[39m
[35m[Appium][39m Removing session b28f9848-18a4-4eac-9e85-20de35c468ec from our master session list
[35m[UiAutomator2][39m Restoring hidden api policy to the device default configuration
[35m[HTTP][39m [37m<-- DELETE /wd/hub/session/b28f9848-18a4-4eac-9e85-20de35c468ec [39m[32m200[39m [90m479 ms - 14[39m
[35m[HTTP][39m [90m[39m
